[GIN-debug] [WARNING] Creating an Engine instance with the Logger and Recovery middleware already attached.

[GIN-debug] [WARNING] Running in "debug" mode. Switch to "release" mode in production.
 - using env:	export GIN_MODE=release
 - using code:	gin.SetMode(gin.ReleaseMode)

[GIN-debug] POST   /api/v1/register          --> renting/internal/handlers.(*AuthHandler).Register-fm (4 handlers)
[GIN-debug] POST   /api/v1/login             --> renting/internal/handlers.(*AuthHandler).Login-fm (4 handlers)
[GIN-debug] GET    /api/v1/vehicle           --> renting/internal/handlers.(*VehicleHandler).ListVehicles-fm (5 handlers)
[GIN-debug] POST   /api/v1/sales/:id/return  --> renting/internal/handlers.(*ReturnHandler).CreateReturn-fm (5 handlers)
[GIN-debug] POST   /api/v1/sales             --> renting/internal/handlers.(*SaleHandler).CreateSale-fm (5 handlers)
[GIN-debug] GET    /api/v1/sales/:id         --> renting/internal/handlers.(*SaleHandler).GetSaleByID-fm (5 handlers)
[GIN-debug] POST   /api/v1/sales/upload/video --> renting/internal/handlers.(*VideoHandler).UploadVideo-fm (5 handlers)
2025/03/17 19:10:37 Server running on :8080
[GIN-debug] [WARNING] You trusted all proxies, this is NOT safe. We recommend you to set a value.
Please check https://pkg.go.dev/github.com/gin-gonic/gin#readme-don-t-trust-all-proxies for details.
[GIN-debug] Listening and serving HTTP on :8080
[GIN] 2025/03/17 - 19:11:10 | 404 |       2.034µs |       127.0.0.1 | GET      "/api/v1/sales/upload/video?include=SalesCharge,SalesVideos,VehicleUsage,Payments"
2025/03/17 19:12:51 UploadFile called with filePath: /tmp/video-3155756155.mp4, contentType: video/mp4, saleID: 4, videoURL: https://pub-8da91f66939f4cdc9e4206024a0e68e9.r2.dev
2025/03/17 19:12:51 File opened successfully: /tmp/video-3155756155.mp4
2025/03/17 19:12:51 R2 Endpoint: https://472fa3e6a29c7eed2cdadcc070098155.r2.cloudflarestorage.com
2025/03/17 19:12:51 R2 Access Key ID: 9d20e974707b5d0d186f29055252bdb4
2025/03/17 19:12:51 R2 Secret Access Key: 41731c6315b55507b61757cb6b40ab6b24c04f6edf5d74f64fcbc4cc7bec7171
2025/03/17 19:12:51 R2 Bucket Name: test
2025/03/17 19:12:54 File uploaded successfully to R2: &{Location:https://test.472fa3e6a29c7eed2cdadcc070098155.r2.cloudflarestorage.com/sd_4_2025_03_17.mp4 VersionID:0xc00147acd0 UploadID: ETag:0xc00147ac50}
2025/03/17 19:12:54 SalesVideo object populated: {VideoID:1 SaleID:4 VideoURL:https://pub-8da91f66939f4cdc9e4206024a0e68e9.r2.dev UploadedAt:2025-03-17 19:12:54.451075 +0000 +0000 FileName:sd_4_2025_03_17.mp4}
[GIN] 2025/03/17 - 19:12:54 | 200 |  2.972982655s |       127.0.0.1 | POST     "/api/v1/sales/upload/video?include=SalesCharge,SalesVideos,VehicleUsage,Payments"
2025/03/17 19:13:55 Query Parameters: map[data:[true]]
2025/03/17 19:13:55 Include Booking Details: true
2025/03/17 19:13:55 Fetching vehicles with filters: {VehicleTypeID: VehicleName: VehicleModel: VehicleRegistrationNumber: IsAvailable: Status: Limit:0 Offset:0}, includeBookingDetails: true
2025/03/17 19:13:55 Fetching vehicles with filters: {VehicleTypeID: VehicleName: VehicleModel: VehicleRegistrationNumber: IsAvailable: Status: Limit:0 Offset:0}, includeBookingDetails: true
2025/03/17 19:13:55 Fetching future booking details for vehicle ID: 2
2025/03/17 19:13:55 Fetched 0 future bookings for vehicle ID: 2
2025/03/17 19:13:55 Fetching future booking details for vehicle ID: 1
2025/03/17 19:13:55 Fetched 0 future bookings for vehicle ID: 1
2025/03/17 19:13:55 Fetching future booking details for vehicle ID: 3
2025/03/17 19:13:55 Fetched 0 future bookings for vehicle ID: 3
[GIN] 2025/03/17 - 19:13:55 | 200 |    9.104609ms | 103.181.227.149 | GET      "/api/v1/vehicle?data=true"
2025/03/17 19:13:57 Query Parameters: map[rentedSaleId:[true] status:[rented]]
2025/03/17 19:13:57 Include Booking Details: false
2025/03/17 19:13:57 Fetching vehicles with filters: {VehicleTypeID: VehicleName: VehicleModel: VehicleRegistrationNumber: IsAvailable: Status:rented Limit:0 Offset:0}, includeBookingDetails: false
2025/03/17 19:13:57 Fetching vehicles with filters: {VehicleTypeID: VehicleName: VehicleModel: VehicleRegistrationNumber: IsAvailable: Status:rented Limit:0 Offset:0}, includeBookingDetails: false
[GIN] 2025/03/17 - 19:13:57 | 200 |    1.290023ms | 103.181.227.149 | GET      "/api/v1/vehicle?rentedSaleId=true&status=rented"
2025/03/17 19:14:02 Query Parameters: map[data:[true]]
2025/03/17 19:14:02 Include Booking Details: true
2025/03/17 19:14:02 Fetching vehicles with filters: {VehicleTypeID: VehicleName: VehicleModel: VehicleRegistrationNumber: IsAvailable: Status: Limit:0 Offset:0}, includeBookingDetails: true
2025/03/17 19:14:02 Fetching vehicles with filters: {VehicleTypeID: VehicleName: VehicleModel: VehicleRegistrationNumber: IsAvailable: Status: Limit:0 Offset:0}, includeBookingDetails: true
2025/03/17 19:14:02 Fetching future booking details for vehicle ID: 2
2025/03/17 19:14:02 Fetched 0 future bookings for vehicle ID: 2
2025/03/17 19:14:02 Fetching future booking details for vehicle ID: 1
2025/03/17 19:14:02 Fetched 0 future bookings for vehicle ID: 1
2025/03/17 19:14:02 Fetching future booking details for vehicle ID: 3
2025/03/17 19:14:02 Fetched 0 future bookings for vehicle ID: 3
[GIN] 2025/03/17 - 19:14:02 | 200 |    2.066814ms | 103.181.227.149 | GET      "/api/v1/vehicle?data=true"
2025/03/17 19:14:09 Query Parameters: map[data:[true]]
2025/03/17 19:14:09 Include Booking Details: true
2025/03/17 19:14:09 Fetching vehicles with filters: {VehicleTypeID: VehicleName: VehicleModel: VehicleRegistrationNumber: IsAvailable: Status: Limit:0 Offset:0}, includeBookingDetails: true
2025/03/17 19:14:09 Fetching vehicles with filters: {VehicleTypeID: VehicleName: VehicleModel: VehicleRegistrationNumber: IsAvailable: Status: Limit:0 Offset:0}, includeBookingDetails: true
2025/03/17 19:14:09 Fetching future booking details for vehicle ID: 2
2025/03/17 19:14:09 Fetched 0 future bookings for vehicle ID: 2
2025/03/17 19:14:09 Fetching future booking details for vehicle ID: 1
2025/03/17 19:14:09 Fetched 0 future bookings for vehicle ID: 1
2025/03/17 19:14:09 Fetching future booking details for vehicle ID: 3
2025/03/17 19:14:09 Fetched 0 future bookings for vehicle ID: 3
[GIN] 2025/03/17 - 19:14:09 | 200 |     2.16094ms | 103.181.227.149 | GET      "/api/v1/vehicle?data=true"
2025/03/17 19:14:17 Query Parameters: map[data:[true]]
2025/03/17 19:14:17 Include Booking Details: true
2025/03/17 19:14:17 Fetching vehicles with filters: {VehicleTypeID: VehicleName: VehicleModel: VehicleRegistrationNumber: IsAvailable: Status: Limit:0 Offset:0}, includeBookingDetails: true
2025/03/17 19:14:17 Fetching vehicles with filters: {VehicleTypeID: VehicleName: VehicleModel: VehicleRegistrationNumber: IsAvailable: Status: Limit:0 Offset:0}, includeBookingDetails: true
2025/03/17 19:14:17 Fetching future booking details for vehicle ID: 2
2025/03/17 19:14:17 Fetched 0 future bookings for vehicle ID: 2
2025/03/17 19:14:17 Fetching future booking details for vehicle ID: 1
2025/03/17 19:14:17 Fetched 0 future bookings for vehicle ID: 1
2025/03/17 19:14:17 Fetching future booking details for vehicle ID: 3
2025/03/17 19:14:17 Fetched 0 future bookings for vehicle ID: 3
[GIN] 2025/03/17 - 19:14:17 | 200 |    1.926076ms | 103.181.227.149 | GET      "/api/v1/vehicle?data=true"
2025/03/17 19:14:19 Query Parameters: map[data:[true]]
2025/03/17 19:14:19 Include Booking Details: true
2025/03/17 19:14:19 Fetching vehicles with filters: {VehicleTypeID: VehicleName: VehicleModel: VehicleRegistrationNumber: IsAvailable: Status: Limit:0 Offset:0}, includeBookingDetails: true
2025/03/17 19:14:19 Fetching vehicles with filters: {VehicleTypeID: VehicleName: VehicleModel: VehicleRegistrationNumber: IsAvailable: Status: Limit:0 Offset:0}, includeBookingDetails: true
2025/03/17 19:14:19 Fetching future booking details for vehicle ID: 2
2025/03/17 19:14:19 Fetched 0 future bookings for vehicle ID: 2
2025/03/17 19:14:19 Fetching future booking details for vehicle ID: 1
2025/03/17 19:14:19 Fetched 0 future bookings for vehicle ID: 1
2025/03/17 19:14:19 Fetching future booking details for vehicle ID: 3
2025/03/17 19:14:19 Fetched 0 future bookings for vehicle ID: 3
[GIN] 2025/03/17 - 19:14:19 | 200 |    1.922495ms | 103.181.227.149 | GET      "/api/v1/vehicle?data=true"
2025/03/17 19:14:21 Query Parameters: map[data:[true]]
2025/03/17 19:14:21 Include Booking Details: true
2025/03/17 19:14:21 Fetching vehicles with filters: {VehicleTypeID: VehicleName: VehicleModel: VehicleRegistrationNumber: IsAvailable: Status: Limit:0 Offset:0}, includeBookingDetails: true
2025/03/17 19:14:21 Fetching vehicles with filters: {VehicleTypeID: VehicleName: VehicleModel: VehicleRegistrationNumber: IsAvailable: Status: Limit:0 Offset:0}, includeBookingDetails: true
2025/03/17 19:14:21 Fetching future booking details for vehicle ID: 2
2025/03/17 19:14:21 Fetched 0 future bookings for vehicle ID: 2
2025/03/17 19:14:21 Fetching future booking details for vehicle ID: 1
2025/03/17 19:14:21 Fetched 0 future bookings for vehicle ID: 1
2025/03/17 19:14:21 Fetching future booking details for vehicle ID: 3
2025/03/17 19:14:21 Fetched 0 future bookings for vehicle ID: 3
[GIN] 2025/03/17 - 19:14:21 | 200 |    1.694669ms | 103.181.227.149 | GET      "/api/v1/vehicle?data=true"
2025/03/17 19:14:26 Query Parameters: map[rentedSaleId:[true] status:[rented]]
2025/03/17 19:14:26 Include Booking Details: false
2025/03/17 19:14:26 Fetching vehicles with filters: {VehicleTypeID: VehicleName: VehicleModel: VehicleRegistrationNumber: IsAvailable: Status:rented Limit:0 Offset:0}, includeBookingDetails: false
2025/03/17 19:14:26 Fetching vehicles with filters: {VehicleTypeID: VehicleName: VehicleModel: VehicleRegistrationNumber: IsAvailable: Status:rented Limit:0 Offset:0}, includeBookingDetails: false
[GIN] 2025/03/17 - 19:14:26 | 200 |     461.583µs | 103.181.227.149 | GET      "/api/v1/vehicle?rentedSaleId=true&status=rented"
[GIN] 2025/03/17 - 19:14:49 | 400 |      82.055µs |       127.0.0.1 | POST     "/api/v1/sales/upload/video?include=Payments,VehicleUsage,SalesVideos,SalesCharge"
Fetching payments...
Fetched payments: [{PaymentID:1 PaymentType:Credit Card AmountPaid:200 PaymentDate:2025-03-14 12:00:00 +0000 +0000 PaymentStatus:Pending VerifiedByAdmin:false Remark:Partial payment UserID:1 CreatedAt:2025-03-14 14:03:55.381533 +0000 +0000 UpdatedAt:2025-03-14 14:03:55.381533 +0000 +0000 SaleID:1} {PaymentID:2 PaymentType:Bank Transfer AmountPaid:300 PaymentDate:2025-03-15 12:00:00 +0000 +0000 PaymentStatus:Completed VerifiedByAdmin:false Remark:Remaining payment UserID:1 CreatedAt:2025-03-14 14:03:55.381533 +0000 +0000 UpdatedAt:2025-03-14 14:03:55.381533 +0000 +0000 SaleID:1} {PaymentID:24 PaymentType:cash AmountPaid:500 PaymentDate:2023-10-01 12:00:00 +0000 +0000 PaymentStatus:Completed VerifiedByAdmin:true Remark:Payment received UserID:63 CreatedAt:2025-03-15 16:52:57.370928 +0000 +0000 UpdatedAt:2025-03-15 16:52:57.370928 +0000 +0000 SaleID:1} {PaymentID:27 PaymentType:Cash AmountPaid:500 PaymentDate:2025-03-17 00:17:29.481388 +0000 +0000 PaymentStatus:Pending VerifiedByAdmin:false Remark:haha UserID:1 CreatedAt:2025-03-17 00:17:29.881755 +0000 +0000 UpdatedAt:2025-03-17 00:17:29.881755 +0000 +0000 SaleID:1}]
Fetching vehicle usage...
Fetched vehicle usage: [{UsageID:1 VehicleID:1 RecordType:delivery FuelRange:80.5 KmReading:12000.5 RecordedAt:2025-03-14 12:00:00 +0000 +0000 RecordedBy:1} {UsageID:2 VehicleID:1 RecordType:return FuelRange:50 KmReading:12500.75 RecordedAt:2025-03-20 12:00:00 +0000 +0000 RecordedBy:1} {UsageID:3 VehicleID:1 RecordType:delivery FuelRange:80.5 KmReading:12000.5 RecordedAt:2025-03-14 12:00:00 +0000 +0000 RecordedBy:1} {UsageID:4 VehicleID:1 RecordType:return FuelRange:50 KmReading:12500.75 RecordedAt:2025-03-20 12:00:00 +0000 +0000 RecordedBy:1} {UsageID:5 VehicleID:1 RecordType:delivery FuelRange:80.5 KmReading:12000.5 RecordedAt:2025-03-14 12:00:00 +0000 +0000 RecordedBy:1} {UsageID:6 VehicleID:1 RecordType:return FuelRange:50 KmReading:12500.75 RecordedAt:2025-03-20 12:00:00 +0000 +0000 RecordedBy:1} {UsageID:7 VehicleID:1 RecordType:delivery FuelRange:80.5 KmReading:12000.5 RecordedAt:2025-03-14 12:00:00 +0000 +0000 RecordedBy:1} {UsageID:8 VehicleID:1 RecordType:return FuelRange:50 KmReading:12500.75 RecordedAt:2025-03-20 12:00:00 +0000 +0000 RecordedBy:1} {UsageID:9 VehicleID:1 RecordType:delivery FuelRange:80.5 KmReading:12000.5 RecordedAt:2025-03-14 12:00:00 +0000 +0000 RecordedBy:1} {UsageID:10 VehicleID:1 RecordType:return FuelRange:50 KmReading:12500.75 RecordedAt:2025-03-20 12:00:00 +0000 +0000 RecordedBy:1} {UsageID:11 VehicleID:1 RecordType:delivery FuelRange:80.5 KmReading:12000.5 RecordedAt:2025-03-14 12:00:00 +0000 +0000 RecordedBy:1} {UsageID:12 VehicleID:1 RecordType:return FuelRange:50 KmReading:12500.75 RecordedAt:2025-03-20 12:00:00 +0000 +0000 RecordedBy:1} {UsageID:13 VehicleID:1 RecordType:delivery FuelRange:80.5 KmReading:12000.5 RecordedAt:2025-03-14 12:00:00 +0000 +0000 RecordedBy:1} {UsageID:14 VehicleID:1 RecordType:return FuelRange:50 KmReading:12500.75 RecordedAt:2025-03-20 12:00:00 +0000 +0000 RecordedBy:1} {UsageID:15 VehicleID:1 RecordType:delivery FuelRange:80.5 KmReading:12000.5 RecordedAt:2025-03-14 12:00:00 +0000 +0000 RecordedBy:1} {UsageID:16 VehicleID:1 RecordType:return FuelRange:50 KmReading:12500.75 RecordedAt:2025-03-20 12:00:00 +0000 +0000 RecordedBy:1} {UsageID:17 VehicleID:1 RecordType:delivery FuelRange:80.5 KmReading:12000.5 RecordedAt:2025-03-14 12:00:00 +0000 +0000 RecordedBy:1} {UsageID:18 VehicleID:1 RecordType:return FuelRange:50 KmReading:12500.75 RecordedAt:2025-03-20 12:00:00 +0000 +0000 RecordedBy:1} {UsageID:19 VehicleID:1 RecordType:delivery FuelRange:80.5 KmReading:12000.5 RecordedAt:2025-03-14 12:00:00 +0000 +0000 RecordedBy:1} {UsageID:20 VehicleID:1 RecordType:return FuelRange:50 KmReading:12500.75 RecordedAt:2025-03-20 12:00:00 +0000 +0000 RecordedBy:1} {UsageID:21 VehicleID:1 RecordType:delivery FuelRange:80.5 KmReading:12000.5 RecordedAt:2025-03-14 12:00:00 +0000 +0000 RecordedBy:1} {UsageID:22 VehicleID:1 RecordType:return FuelRange:50 KmReading:12500.75 RecordedAt:2025-03-20 12:00:00 +0000 +0000 RecordedBy:1} {UsageID:26 VehicleID:1 RecordType:return FuelRange:50 KmReading:10000 RecordedAt:2023-10-01 12:00:00 +0000 +0000 RecordedBy:63} {UsageID:29 VehicleID:1 RecordType:return FuelRange:50 KmReading:10000 RecordedAt:2023-10-01 12:00:00 +0000 +0000 RecordedBy:1} {UsageID:30 VehicleID:1 RecordType:return FuelRange:70 KmReading:250 RecordedAt:2025-03-17 00:17:29.481352 +0000 +0000 RecordedBy:1}]
Fetching sales videos...
Fetched sales videos: []
Fetching sales charges...
Fetched sales charges: [{ChargeID:0 SaleID:0 ChargeType: Amount:0 CreatedAt:0001-01-01 00:00:00 +0000 UTC UpdatedAt:0001-01-01 00:00:00 +0000 UTC} {ChargeID:0 SaleID:0 ChargeType: Amount:0 CreatedAt:0001-01-01 00:00:00 +0000 UTC UpdatedAt:0001-01-01 00:00:00 +0000 UTC} {ChargeID:0 SaleID:0 ChargeType: Amount:0 CreatedAt:0001-01-01 00:00:00 +0000 UTC UpdatedAt:0001-01-01 00:00:00 +0000 UTC}]
[GIN] 2025/03/17 - 19:15:04 | 200 |    6.845496ms |       127.0.0.1 | GET      "/api/v1/sales/1?include=Payments,VehicleUsage,SalesVideos,SalesCharge"
2025/03/17 19:15:24 Query Parameters: map[data:[true]]
2025/03/17 19:15:24 Include Booking Details: true
2025/03/17 19:15:24 Fetching vehicles with filters: {VehicleTypeID: VehicleName: VehicleModel: VehicleRegistrationNumber: IsAvailable: Status: Limit:0 Offset:0}, includeBookingDetails: true
2025/03/17 19:15:24 Fetching vehicles with filters: {VehicleTypeID: VehicleName: VehicleModel: VehicleRegistrationNumber: IsAvailable: Status: Limit:0 Offset:0}, includeBookingDetails: true
2025/03/17 19:15:24 Fetching future booking details for vehicle ID: 2
2025/03/17 19:15:24 Fetched 0 future bookings for vehicle ID: 2
2025/03/17 19:15:24 Fetching future booking details for vehicle ID: 1
2025/03/17 19:15:24 Fetched 0 future bookings for vehicle ID: 1
2025/03/17 19:15:24 Fetching future booking details for vehicle ID: 3
2025/03/17 19:15:24 Fetched 0 future bookings for vehicle ID: 3
[GIN] 2025/03/17 - 19:15:24 | 200 |     2.19255ms | 103.181.227.149 | GET      "/api/v1/vehicle?data=true"
2025/03/17 19:15:32 Query Parameters: map[data:[true]]
2025/03/17 19:15:32 Include Booking Details: true
2025/03/17 19:15:32 Fetching vehicles with filters: {VehicleTypeID: VehicleName: VehicleModel: VehicleRegistrationNumber: IsAvailable: Status: Limit:0 Offset:0}, includeBookingDetails: true
2025/03/17 19:15:32 Fetching vehicles with filters: {VehicleTypeID: VehicleName: VehicleModel: VehicleRegistrationNumber: IsAvailable: Status: Limit:0 Offset:0}, includeBookingDetails: true
2025/03/17 19:15:32 Fetching future booking details for vehicle ID: 2
2025/03/17 19:15:32 Fetched 0 future bookings for vehicle ID: 2
2025/03/17 19:15:32 Fetching future booking details for vehicle ID: 1
2025/03/17 19:15:32 Fetched 0 future bookings for vehicle ID: 1
2025/03/17 19:15:32 Fetching future booking details for vehicle ID: 3
2025/03/17 19:15:32 Fetched 0 future bookings for vehicle ID: 3
[GIN] 2025/03/17 - 19:15:32 | 200 |    1.639473ms | 103.181.227.149 | GET      "/api/v1/vehicle?data=true"
2025/03/17 19:15:33 Query Parameters: map[data:[true]]
2025/03/17 19:15:33 Include Booking Details: true
2025/03/17 19:15:33 Fetching vehicles with filters: {VehicleTypeID: VehicleName: VehicleModel: VehicleRegistrationNumber: IsAvailable: Status: Limit:0 Offset:0}, includeBookingDetails: true
2025/03/17 19:15:33 Fetching vehicles with filters: {VehicleTypeID: VehicleName: VehicleModel: VehicleRegistrationNumber: IsAvailable: Status: Limit:0 Offset:0}, includeBookingDetails: true
2025/03/17 19:15:33 Fetching future booking details for vehicle ID: 2
2025/03/17 19:15:33 Fetched 0 future bookings for vehicle ID: 2
2025/03/17 19:15:33 Fetching future booking details for vehicle ID: 1
2025/03/17 19:15:33 Fetched 0 future bookings for vehicle ID: 1
2025/03/17 19:15:33 Fetching future booking details for vehicle ID: 3
2025/03/17 19:15:33 Fetched 0 future bookings for vehicle ID: 3
[GIN] 2025/03/17 - 19:15:33 | 200 |    1.998983ms | 103.181.227.149 | GET      "/api/v1/vehicle?data=true"
2025/03/17 19:17:13 Query Parameters: map[data:[true]]
2025/03/17 19:17:13 Include Booking Details: true
2025/03/17 19:17:13 Fetching vehicles with filters: {VehicleTypeID: VehicleName: VehicleModel: VehicleRegistrationNumber: IsAvailable: Status: Limit:0 Offset:0}, includeBookingDetails: true
2025/03/17 19:17:13 Fetching vehicles with filters: {VehicleTypeID: VehicleName: VehicleModel: VehicleRegistrationNumber: IsAvailable: Status: Limit:0 Offset:0}, includeBookingDetails: true
2025/03/17 19:17:13 Fetching future booking details for vehicle ID: 2
2025/03/17 19:17:13 Fetched 0 future bookings for vehicle ID: 2
2025/03/17 19:17:13 Fetching future booking details for vehicle ID: 1
2025/03/17 19:17:13 Fetched 0 future bookings for vehicle ID: 1
2025/03/17 19:17:13 Fetching future booking details for vehicle ID: 3
2025/03/17 19:17:13 Fetched 0 future bookings for vehicle ID: 3
[GIN] 2025/03/17 - 19:17:13 | 200 |    3.688898ms | 103.181.227.149 | GET      "/api/v1/vehicle?data=true"
2025/03/17 19:17:15 Query Parameters: map[rentedSaleId:[true] status:[rented]]
2025/03/17 19:17:15 Include Booking Details: false
2025/03/17 19:17:15 Fetching vehicles with filters: {VehicleTypeID: VehicleName: VehicleModel: VehicleRegistrationNumber: IsAvailable: Status:rented Limit:0 Offset:0}, includeBookingDetails: false
2025/03/17 19:17:15 Fetching vehicles with filters: {VehicleTypeID: VehicleName: VehicleModel: VehicleRegistrationNumber: IsAvailable: Status:rented Limit:0 Offset:0}, includeBookingDetails: false
[GIN] 2025/03/17 - 19:17:15 | 200 |     514.447µs | 103.181.227.149 | GET      "/api/v1/vehicle?rentedSaleId=true&status=rented"
2025/03/17 19:17:19 Query Parameters: map[data:[true]]
2025/03/17 19:17:19 Include Booking Details: true
2025/03/17 19:17:19 Fetching vehicles with filters: {VehicleTypeID: VehicleName: VehicleModel: VehicleRegistrationNumber: IsAvailable: Status: Limit:0 Offset:0}, includeBookingDetails: true
2025/03/17 19:17:19 Fetching vehicles with filters: {VehicleTypeID: VehicleName: VehicleModel: VehicleRegistrationNumber: IsAvailable: Status: Limit:0 Offset:0}, includeBookingDetails: true
2025/03/17 19:17:19 Fetching future booking details for vehicle ID: 2
2025/03/17 19:17:19 Fetched 0 future bookings for vehicle ID: 2
2025/03/17 19:17:19 Fetching future booking details for vehicle ID: 1
2025/03/17 19:17:19 Fetched 0 future bookings for vehicle ID: 1
2025/03/17 19:17:19 Fetching future booking details for vehicle ID: 3
2025/03/17 19:17:19 Fetched 0 future bookings for vehicle ID: 3
[GIN] 2025/03/17 - 19:17:19 | 200 |    2.092846ms | 103.181.227.149 | GET      "/api/v1/vehicle?data=true"
2025/03/17 19:19:44 Query Parameters: map[data:[true]]
2025/03/17 19:19:44 Include Booking Details: true
2025/03/17 19:19:44 Fetching vehicles with filters: {VehicleTypeID: VehicleName: VehicleModel: VehicleRegistrationNumber: IsAvailable: Status: Limit:0 Offset:0}, includeBookingDetails: true
2025/03/17 19:19:44 Fetching vehicles with filters: {VehicleTypeID: VehicleName: VehicleModel: VehicleRegistrationNumber: IsAvailable: Status: Limit:0 Offset:0}, includeBookingDetails: true
2025/03/17 19:19:44 Fetching future booking details for vehicle ID: 2
2025/03/17 19:19:44 Fetched 0 future bookings for vehicle ID: 2
2025/03/17 19:19:44 Fetching future booking details for vehicle ID: 1
2025/03/17 19:19:44 Fetched 0 future bookings for vehicle ID: 1
2025/03/17 19:19:44 Fetching future booking details for vehicle ID: 3
2025/03/17 19:19:44 Fetched 0 future bookings for vehicle ID: 3
[GIN] 2025/03/17 - 19:19:44 | 200 |    1.734777ms | 103.181.227.149 | GET      "/api/v1/vehicle?data=true"
2025/03/17 19:19:47 Query Parameters: map[data:[true]]
2025/03/17 19:19:47 Include Booking Details: true
2025/03/17 19:19:47 Fetching vehicles with filters: {VehicleTypeID: VehicleName: VehicleModel: VehicleRegistrationNumber: IsAvailable: Status: Limit:0 Offset:0}, includeBookingDetails: true
2025/03/17 19:19:47 Fetching vehicles with filters: {VehicleTypeID: VehicleName: VehicleModel: VehicleRegistrationNumber: IsAvailable: Status: Limit:0 Offset:0}, includeBookingDetails: true
2025/03/17 19:19:47 Fetching future booking details for vehicle ID: 2
2025/03/17 19:19:47 Fetched 0 future bookings for vehicle ID: 2
2025/03/17 19:19:47 Fetching future booking details for vehicle ID: 1
2025/03/17 19:19:47 Fetched 0 future bookings for vehicle ID: 1
2025/03/17 19:19:47 Fetching future booking details for vehicle ID: 3
2025/03/17 19:19:47 Fetched 0 future bookings for vehicle ID: 3
[GIN] 2025/03/17 - 19:19:47 | 200 |    1.730776ms | 103.181.227.149 | GET      "/api/v1/vehicle?data=true"
2025/03/17 19:19:48 Query Parameters: map[data:[true]]
2025/03/17 19:19:48 Include Booking Details: true
2025/03/17 19:19:48 Fetching vehicles with filters: {VehicleTypeID: VehicleName: VehicleModel: VehicleRegistrationNumber: IsAvailable: Status: Limit:0 Offset:0}, includeBookingDetails: true
2025/03/17 19:19:48 Fetching vehicles with filters: {VehicleTypeID: VehicleName: VehicleModel: VehicleRegistrationNumber: IsAvailable: Status: Limit:0 Offset:0}, includeBookingDetails: true
2025/03/17 19:19:48 Fetching future booking details for vehicle ID: 2
2025/03/17 19:19:48 Fetched 0 future bookings for vehicle ID: 2
2025/03/17 19:19:48 Fetching future booking details for vehicle ID: 1
2025/03/17 19:19:48 Fetched 0 future bookings for vehicle ID: 1
2025/03/17 19:19:48 Fetching future booking details for vehicle ID: 3
2025/03/17 19:19:48 Fetched 0 future bookings for vehicle ID: 3
[GIN] 2025/03/17 - 19:19:48 | 200 |    2.168927ms | 103.181.227.149 | GET      "/api/v1/vehicle?data=true"
2025/03/17 19:19:52 Query Parameters: map[rentedSaleId:[true] status:[rented]]
2025/03/17 19:19:52 Include Booking Details: false
2025/03/17 19:19:52 Fetching vehicles with filters: {VehicleTypeID: VehicleName: VehicleModel: VehicleRegistrationNumber: IsAvailable: Status:rented Limit:0 Offset:0}, includeBookingDetails: false
2025/03/17 19:19:52 Fetching vehicles with filters: {VehicleTypeID: VehicleName: VehicleModel: VehicleRegistrationNumber: IsAvailable: Status:rented Limit:0 Offset:0}, includeBookingDetails: false
[GIN] 2025/03/17 - 19:19:52 | 200 |     637.031µs | 103.181.227.149 | GET      "/api/v1/vehicle?rentedSaleId=true&status=rented"
2025/03/17 19:19:53 Query Parameters: map[rentedSaleId:[true] status:[rented]]
2025/03/17 19:19:53 Include Booking Details: false
2025/03/17 19:19:53 Fetching vehicles with filters: {VehicleTypeID: VehicleName: VehicleModel: VehicleRegistrationNumber: IsAvailable: Status:rented Limit:0 Offset:0}, includeBookingDetails: false
2025/03/17 19:19:53 Fetching vehicles with filters: {VehicleTypeID: VehicleName: VehicleModel: VehicleRegistrationNumber: IsAvailable: Status:rented Limit:0 Offset:0}, includeBookingDetails: false
[GIN] 2025/03/17 - 19:19:53 | 200 |     549.323µs | 103.181.227.149 | GET      "/api/v1/vehicle?rentedSaleId=true&status=rented"
2025/03/17 19:22:35 Query Parameters: map[rentedSaleId:[true] status:[rented]]
2025/03/17 19:22:35 Include Booking Details: false
2025/03/17 19:22:35 Fetching vehicles with filters: {VehicleTypeID: VehicleName: VehicleModel: VehicleRegistrationNumber: IsAvailable: Status:rented Limit:0 Offset:0}, includeBookingDetails: false
2025/03/17 19:22:35 Fetching vehicles with filters: {VehicleTypeID: VehicleName: VehicleModel: VehicleRegistrationNumber: IsAvailable: Status:rented Limit:0 Offset:0}, includeBookingDetails: false
[GIN] 2025/03/17 - 19:22:35 | 200 |     507.827µs | 103.181.227.149 | GET      "/api/v1/vehicle?rentedSaleId=true&status=rented"
2025/03/17 19:22:36 Query Parameters: map[rentedSaleId:[true] status:[rented]]
2025/03/17 19:22:36 Include Booking Details: false
2025/03/17 19:22:36 Fetching vehicles with filters: {VehicleTypeID: VehicleName: VehicleModel: VehicleRegistrationNumber: IsAvailable: Status:rented Limit:0 Offset:0}, includeBookingDetails: false
2025/03/17 19:22:36 Fetching vehicles with filters: {VehicleTypeID: VehicleName: VehicleModel: VehicleRegistrationNumber: IsAvailable: Status:rented Limit:0 Offset:0}, includeBookingDetails: false
[GIN] 2025/03/17 - 19:22:36 | 200 |     782.456µs | 103.181.227.149 | GET      "/api/v1/vehicle?rentedSaleId=true&status=rented"
2025/03/17 19:22:37 Query Parameters: map[rentedSaleId:[true] status:[rented]]
2025/03/17 19:22:37 Include Booking Details: false
2025/03/17 19:22:37 Fetching vehicles with filters: {VehicleTypeID: VehicleName: VehicleModel: VehicleRegistrationNumber: IsAvailable: Status:rented Limit:0 Offset:0}, includeBookingDetails: false
2025/03/17 19:22:37 Fetching vehicles with filters: {VehicleTypeID: VehicleName: VehicleModel: VehicleRegistrationNumber: IsAvailable: Status:rented Limit:0 Offset:0}, includeBookingDetails: false
[GIN] 2025/03/17 - 19:22:37 | 200 |     521.151µs | 103.181.227.149 | GET      "/api/v1/vehicle?rentedSaleId=true&status=rented"
2025/03/17 19:22:38 Query Parameters: map[rentedSaleId:[true] status:[rented]]
2025/03/17 19:22:38 Include Booking Details: false
2025/03/17 19:22:38 Fetching vehicles with filters: {VehicleTypeID: VehicleName: VehicleModel: VehicleRegistrationNumber: IsAvailable: Status:rented Limit:0 Offset:0}, includeBookingDetails: false
2025/03/17 19:22:38 Fetching vehicles with filters: {VehicleTypeID: VehicleName: VehicleModel: VehicleRegistrationNumber: IsAvailable: Status:rented Limit:0 Offset:0}, includeBookingDetails: false
[GIN] 2025/03/17 - 19:22:38 | 200 |     511.659µs | 103.181.227.149 | GET      "/api/v1/vehicle?rentedSaleId=true&status=rented"
2025/03/17 19:22:39 Query Parameters: map[rentedSaleId:[true] status:[rented]]
2025/03/17 19:22:39 Include Booking Details: false
2025/03/17 19:22:39 Fetching vehicles with filters: {VehicleTypeID: VehicleName: VehicleModel: VehicleRegistrationNumber: IsAvailable: Status:rented Limit:0 Offset:0}, includeBookingDetails: false
2025/03/17 19:22:39 Fetching vehicles with filters: {VehicleTypeID: VehicleName: VehicleModel: VehicleRegistrationNumber: IsAvailable: Status:rented Limit:0 Offset:0}, includeBookingDetails: false
[GIN] 2025/03/17 - 19:22:39 | 200 |     832.744µs | 103.181.227.149 | GET      "/api/v1/vehicle?rentedSaleId=true&status=rented"
2025/03/17 19:22:43 Query Parameters: map[rentedSaleId:[true] status:[rented]]
2025/03/17 19:22:43 Include Booking Details: false
2025/03/17 19:22:43 Fetching vehicles with filters: {VehicleTypeID: VehicleName: VehicleModel: VehicleRegistrationNumber: IsAvailable: Status:rented Limit:0 Offset:0}, includeBookingDetails: false
2025/03/17 19:22:43 Fetching vehicles with filters: {VehicleTypeID: VehicleName: VehicleModel: VehicleRegistrationNumber: IsAvailable: Status:rented Limit:0 Offset:0}, includeBookingDetails: false
[GIN] 2025/03/17 - 19:22:43 | 200 |     465.598µs | 103.181.227.149 | GET      "/api/v1/vehicle?rentedSaleId=true&status=rented"
2025/03/17 19:22:45 Query Parameters: map[rentedSaleId:[true] status:[rented]]
2025/03/17 19:22:45 Include Booking Details: false
2025/03/17 19:22:45 Fetching vehicles with filters: {VehicleTypeID: VehicleName: VehicleModel: VehicleRegistrationNumber: IsAvailable: Status:rented Limit:0 Offset:0}, includeBookingDetails: false
2025/03/17 19:22:45 Fetching vehicles with filters: {VehicleTypeID: VehicleName: VehicleModel: VehicleRegistrationNumber: IsAvailable: Status:rented Limit:0 Offset:0}, includeBookingDetails: false
[GIN] 2025/03/17 - 19:22:45 | 200 |     450.156µs | 103.181.227.149 | GET      "/api/v1/vehicle?rentedSaleId=true&status=rented"
2025/03/17 19:22:45 Query Parameters: map[rentedSaleId:[true] status:[rented]]
2025/03/17 19:22:45 Include Booking Details: false
2025/03/17 19:22:45 Fetching vehicles with filters: {VehicleTypeID: VehicleName: VehicleModel: VehicleRegistrationNumber: IsAvailable: Status:rented Limit:0 Offset:0}, includeBookingDetails: false
2025/03/17 19:22:45 Fetching vehicles with filters: {VehicleTypeID: VehicleName: VehicleModel: VehicleRegistrationNumber: IsAvailable: Status:rented Limit:0 Offset:0}, includeBookingDetails: false
[GIN] 2025/03/17 - 19:22:45 | 200 |     497.859µs | 103.181.227.149 | GET      "/api/v1/vehicle?rentedSaleId=true&status=rented"
2025/03/17 19:22:50 Query Parameters: map[rentedSaleId:[true] status:[rented]]
2025/03/17 19:22:50 Include Booking Details: false
2025/03/17 19:22:50 Fetching vehicles with filters: {VehicleTypeID: VehicleName: VehicleModel: VehicleRegistrationNumber: IsAvailable: Status:rented Limit:0 Offset:0}, includeBookingDetails: false
2025/03/17 19:22:50 Fetching vehicles with filters: {VehicleTypeID: VehicleName: VehicleModel: VehicleRegistrationNumber: IsAvailable: Status:rented Limit:0 Offset:0}, includeBookingDetails: false
[GIN] 2025/03/17 - 19:22:50 | 200 |     993.978µs | 103.181.227.149 | GET      "/api/v1/vehicle?rentedSaleId=true&status=rented"
2025/03/17 19:22:51 Query Parameters: map[rentedSaleId:[true] status:[rented]]
2025/03/17 19:22:51 Include Booking Details: false
2025/03/17 19:22:51 Fetching vehicles with filters: {VehicleTypeID: VehicleName: VehicleModel: VehicleRegistrationNumber: IsAvailable: Status:rented Limit:0 Offset:0}, includeBookingDetails: false
2025/03/17 19:22:51 Fetching vehicles with filters: {VehicleTypeID: VehicleName: VehicleModel: VehicleRegistrationNumber: IsAvailable: Status:rented Limit:0 Offset:0}, includeBookingDetails: false
[GIN] 2025/03/17 - 19:22:51 | 200 |     662.285µs | 103.181.227.149 | GET      "/api/v1/vehicle?rentedSaleId=true&status=rented"
2025/03/17 19:22:52 Query Parameters: map[rentedSaleId:[true] status:[rented]]
2025/03/17 19:22:52 Include Booking Details: false
2025/03/17 19:22:52 Fetching vehicles with filters: {VehicleTypeID: VehicleName: VehicleModel: VehicleRegistrationNumber: IsAvailable: Status:rented Limit:0 Offset:0}, includeBookingDetails: false
2025/03/17 19:22:52 Fetching vehicles with filters: {VehicleTypeID: VehicleName: VehicleModel: VehicleRegistrationNumber: IsAvailable: Status:rented Limit:0 Offset:0}, includeBookingDetails: false
[GIN] 2025/03/17 - 19:22:52 | 200 |     469.509µs | 103.181.227.149 | GET      "/api/v1/vehicle?rentedSaleId=true&status=rented"
2025/03/17 19:22:53 Query Parameters: map[rentedSaleId:[true] status:[rented]]
2025/03/17 19:22:53 Include Booking Details: false
2025/03/17 19:22:53 Fetching vehicles with filters: {VehicleTypeID: VehicleName: VehicleModel: VehicleRegistrationNumber: IsAvailable: Status:rented Limit:0 Offset:0}, includeBookingDetails: false
2025/03/17 19:22:53 Fetching vehicles with filters: {VehicleTypeID: VehicleName: VehicleModel: VehicleRegistrationNumber: IsAvailable: Status:rented Limit:0 Offset:0}, includeBookingDetails: false
[GIN] 2025/03/17 - 19:22:53 | 200 |     769.634µs | 103.181.227.149 | GET      "/api/v1/vehicle?rentedSaleId=true&status=rented"
2025/03/17 19:22:54 Query Parameters: map[rentedSaleId:[true] status:[rented]]
2025/03/17 19:22:54 Include Booking Details: false
2025/03/17 19:22:54 Fetching vehicles with filters: {VehicleTypeID: VehicleName: VehicleModel: VehicleRegistrationNumber: IsAvailable: Status:rented Limit:0 Offset:0}, includeBookingDetails: false
2025/03/17 19:22:54 Fetching vehicles with filters: {VehicleTypeID: VehicleName: VehicleModel: VehicleRegistrationNumber: IsAvailable: Status:rented Limit:0 Offset:0}, includeBookingDetails: false
[GIN] 2025/03/17 - 19:22:54 | 200 |     504.275µs | 103.181.227.149 | GET      "/api/v1/vehicle?rentedSaleId=true&status=rented"
2025/03/17 19:22:57 Query Parameters: map[rentedSaleId:[true] status:[rented]]
2025/03/17 19:22:57 Include Booking Details: false
2025/03/17 19:22:57 Fetching vehicles with filters: {VehicleTypeID: VehicleName: VehicleModel: VehicleRegistrationNumber: IsAvailable: Status:rented Limit:0 Offset:0}, includeBookingDetails: false
2025/03/17 19:22:57 Fetching vehicles with filters: {VehicleTypeID: VehicleName: VehicleModel: VehicleRegistrationNumber: IsAvailable: Status:rented Limit:0 Offset:0}, includeBookingDetails: false
[GIN] 2025/03/17 - 19:22:57 | 200 |      478.31µs | 103.181.227.149 | GET      "/api/v1/vehicle?rentedSaleId=true&status=rented"
2025/03/17 19:22:58 Query Parameters: map[rentedSaleId:[true] status:[rented]]
2025/03/17 19:22:58 Include Booking Details: false
2025/03/17 19:22:58 Fetching vehicles with filters: {VehicleTypeID: VehicleName: VehicleModel: VehicleRegistrationNumber: IsAvailable: Status:rented Limit:0 Offset:0}, includeBookingDetails: false
2025/03/17 19:22:58 Fetching vehicles with filters: {VehicleTypeID: VehicleName: VehicleModel: VehicleRegistrationNumber: IsAvailable: Status:rented Limit:0 Offset:0}, includeBookingDetails: false
[GIN] 2025/03/17 - 19:22:58 | 200 |     926.963µs | 103.181.227.149 | GET      "/api/v1/vehicle?rentedSaleId=true&status=rented"
2025/03/17 19:23:00 Query Parameters: map[rentedSaleId:[true] status:[rented]]
2025/03/17 19:23:00 Include Booking Details: false
2025/03/17 19:23:00 Fetching vehicles with filters: {VehicleTypeID: VehicleName: VehicleModel: VehicleRegistrationNumber: IsAvailable: Status:rented Limit:0 Offset:0}, includeBookingDetails: false
2025/03/17 19:23:00 Fetching vehicles with filters: {VehicleTypeID: VehicleName: VehicleModel: VehicleRegistrationNumber: IsAvailable: Status:rented Limit:0 Offset:0}, includeBookingDetails: false
[GIN] 2025/03/17 - 19:23:00 | 200 |     553.813µs | 103.181.227.149 | GET      "/api/v1/vehicle?rentedSaleId=true&status=rented"
2025/03/17 19:23:01 Query Parameters: map[rentedSaleId:[true] status:[rented]]
2025/03/17 19:23:01 Include Booking Details: false
2025/03/17 19:23:01 Fetching vehicles with filters: {VehicleTypeID: VehicleName: VehicleModel: VehicleRegistrationNumber: IsAvailable: Status:rented Limit:0 Offset:0}, includeBookingDetails: false
2025/03/17 19:23:01 Fetching vehicles with filters: {VehicleTypeID: VehicleName: VehicleModel: VehicleRegistrationNumber: IsAvailable: Status:rented Limit:0 Offset:0}, includeBookingDetails: false
[GIN] 2025/03/17 - 19:23:01 | 200 |     505.878µs | 103.181.227.149 | GET      "/api/v1/vehicle?rentedSaleId=true&status=rented"
2025/03/17 19:24:35 Query Parameters: map[rentedSaleId:[true] status:[rented]]
2025/03/17 19:24:35 Include Booking Details: false
2025/03/17 19:24:35 Fetching vehicles with filters: {VehicleTypeID: VehicleName: VehicleModel: VehicleRegistrationNumber: IsAvailable: Status:rented Limit:0 Offset:0}, includeBookingDetails: false
2025/03/17 19:24:35 Fetching vehicles with filters: {VehicleTypeID: VehicleName: VehicleModel: VehicleRegistrationNumber: IsAvailable: Status:rented Limit:0 Offset:0}, includeBookingDetails: false
[GIN] 2025/03/17 - 19:24:35 | 200 |     486.153µs | 103.181.227.149 | GET      "/api/v1/vehicle?rentedSaleId=true&status=rented"
[GIN] 2025/03/17 - 19:29:05 | 404 |       1.958µs |       127.0.0.1 | GET      "/"
2025/03/17 19:30:11 Query Parameters: map[data:[true]]
2025/03/17 19:30:11 Include Booking Details: true
2025/03/17 19:30:11 Fetching vehicles with filters: {VehicleTypeID: VehicleName: VehicleModel: VehicleRegistrationNumber: IsAvailable: Status: Limit:0 Offset:0}, includeBookingDetails: true
2025/03/17 19:30:11 Fetching vehicles with filters: {VehicleTypeID: VehicleName: VehicleModel: VehicleRegistrationNumber: IsAvailable: Status: Limit:0 Offset:0}, includeBookingDetails: true
2025/03/17 19:30:11 Fetching future booking details for vehicle ID: 2
2025/03/17 19:30:11 Fetched 0 future bookings for vehicle ID: 2
2025/03/17 19:30:11 Fetching future booking details for vehicle ID: 1
2025/03/17 19:30:11 Fetched 0 future bookings for vehicle ID: 1
2025/03/17 19:30:11 Fetching future booking details for vehicle ID: 3
2025/03/17 19:30:11 Fetched 0 future bookings for vehicle ID: 3
[GIN] 2025/03/17 - 19:30:11 | 200 |    1.106536ms | 103.181.227.149 | GET      "/api/v1/vehicle?data=true"
2025/03/17 19:30:14 Query Parameters: map[rentedSaleId:[true] status:[rented]]
2025/03/17 19:30:14 Include Booking Details: false
2025/03/17 19:30:14 Fetching vehicles with filters: {VehicleTypeID: VehicleName: VehicleModel: VehicleRegistrationNumber: IsAvailable: Status:rented Limit:0 Offset:0}, includeBookingDetails: false
2025/03/17 19:30:14 Fetching vehicles with filters: {VehicleTypeID: VehicleName: VehicleModel: VehicleRegistrationNumber: IsAvailable: Status:rented Limit:0 Offset:0}, includeBookingDetails: false
[GIN] 2025/03/17 - 19:30:14 | 200 |     490.999µs | 103.181.227.149 | GET      "/api/v1/vehicle?rentedSaleId=true&status=rented"
[GIN] 2025/03/17 - 19:30:16 | 500 |     500.237µs | 103.181.227.149 | GET      "/api/v1/sales/0?include=SalesCharge,SalesVideos,VehicleUsage,Payments"
2025/03/17 19:30:46 Query Parameters: map[data:[true]]
2025/03/17 19:30:46 Include Booking Details: true
2025/03/17 19:30:46 Fetching vehicles with filters: {VehicleTypeID: VehicleName: VehicleModel: VehicleRegistrationNumber: IsAvailable: Status: Limit:0 Offset:0}, includeBookingDetails: true
2025/03/17 19:30:46 Fetching vehicles with filters: {VehicleTypeID: VehicleName: VehicleModel: VehicleRegistrationNumber: IsAvailable: Status: Limit:0 Offset:0}, includeBookingDetails: true
2025/03/17 19:30:46 Fetching future booking details for vehicle ID: 2
2025/03/17 19:30:46 Fetched 0 future bookings for vehicle ID: 2
2025/03/17 19:30:46 Fetching future booking details for vehicle ID: 1
2025/03/17 19:30:46 Fetched 0 future bookings for vehicle ID: 1
2025/03/17 19:30:46 Fetching future booking details for vehicle ID: 3
2025/03/17 19:30:46 Fetched 0 future bookings for vehicle ID: 3
[GIN] 2025/03/17 - 19:30:46 | 200 |    3.217195ms | 103.181.227.149 | GET      "/api/v1/vehicle?data=true"
2025/03/17 19:34:12 Query Parameters: map[data:[true]]
2025/03/17 19:34:12 Include Booking Details: true
2025/03/17 19:34:12 Fetching vehicles with filters: {VehicleTypeID: VehicleName: VehicleModel: VehicleRegistrationNumber: IsAvailable: Status: Limit:0 Offset:0}, includeBookingDetails: true
2025/03/17 19:34:12 Fetching vehicles with filters: {VehicleTypeID: VehicleName: VehicleModel: VehicleRegistrationNumber: IsAvailable: Status: Limit:0 Offset:0}, includeBookingDetails: true
2025/03/17 19:34:12 Fetching future booking details for vehicle ID: 2
2025/03/17 19:34:12 Fetched 0 future bookings for vehicle ID: 2
2025/03/17 19:34:12 Fetching future booking details for vehicle ID: 1
2025/03/17 19:34:12 Fetched 0 future bookings for vehicle ID: 1
2025/03/17 19:34:12 Fetching future booking details for vehicle ID: 3
2025/03/17 19:34:12 Fetched 0 future bookings for vehicle ID: 3
[GIN] 2025/03/17 - 19:34:12 | 200 |    1.464395ms | 103.181.227.149 | GET      "/api/v1/vehicle?data=true"
[GIN] 2025/03/17 - 19:34:58 | 404 |       2.446µs | 156.229.233.196 | GET      "/manager/html"
2025/03/17 19:35:08 Query Parameters: map[rentedSaleId:[true] status:[rented]]
2025/03/17 19:35:08 Include Booking Details: false
2025/03/17 19:35:08 Fetching vehicles with filters: {VehicleTypeID: VehicleName: VehicleModel: VehicleRegistrationNumber: IsAvailable: Status:rented Limit:0 Offset:0}, includeBookingDetails: false
2025/03/17 19:35:08 Fetching vehicles with filters: {VehicleTypeID: VehicleName: VehicleModel: VehicleRegistrationNumber: IsAvailable: Status:rented Limit:0 Offset:0}, includeBookingDetails: false
[GIN] 2025/03/17 - 19:35:08 | 200 |     451.481µs | 103.181.227.149 | GET      "/api/v1/vehicle?rentedSaleId=true&status=rented"
[GIN] 2025/03/17 - 19:35:10 | 500 |     505.637µs | 103.181.227.149 | GET      "/api/v1/sales/0"
[GIN] 2025/03/17 - 19:39:25 | 500 |    1.093214ms | 103.181.227.149 | GET      "/api/v1/sales/0"
[GIN] 2025/03/17 - 19:41:23 | 200 |     775.848µs | 103.181.227.149 | GET      "/api/v1/sales/17"
[GIN] 2025/03/17 - 19:42:52 | 200 |     496.257µs | 103.181.227.149 | GET      "/api/v1/sales/3"
[GIN] 2025/03/17 - 19:46:41 | 404 |        1.99µs |       127.0.0.1 | GET      "/.env"
[GIN] 2025/03/17 - 19:46:42 | 404 |       1.981µs |       127.0.0.1 | POST     "/"
2025/03/17 19:49:02 Query Parameters: map[data:[true]]
2025/03/17 19:49:02 Include Booking Details: true
2025/03/17 19:49:02 Fetching vehicles with filters: {VehicleTypeID: VehicleName: VehicleModel: VehicleRegistrationNumber: IsAvailable: Status: Limit:0 Offset:0}, includeBookingDetails: true
2025/03/17 19:49:02 Fetching vehicles with filters: {VehicleTypeID: VehicleName: VehicleModel: VehicleRegistrationNumber: IsAvailable: Status: Limit:0 Offset:0}, includeBookingDetails: true
2025/03/17 19:49:02 Fetching future booking details for vehicle ID: 2
2025/03/17 19:49:02 Fetched 0 future bookings for vehicle ID: 2
2025/03/17 19:49:02 Fetching future booking details for vehicle ID: 1
2025/03/17 19:49:02 Fetched 0 future bookings for vehicle ID: 1
2025/03/17 19:49:02 Fetching future booking details for vehicle ID: 3
2025/03/17 19:49:02 Fetched 0 future bookings for vehicle ID: 3
[GIN] 2025/03/17 - 19:49:02 | 200 |    1.480375ms | 103.181.227.149 | GET      "/api/v1/vehicle?data=true"
2025/03/17 19:49:06 Query Parameters: map[rentedSaleId:[true] status:[rented]]
2025/03/17 19:49:06 Include Booking Details: false
2025/03/17 19:49:06 Fetching vehicles with filters: {VehicleTypeID: VehicleName: VehicleModel: VehicleRegistrationNumber: IsAvailable: Status:rented Limit:0 Offset:0}, includeBookingDetails: false
2025/03/17 19:49:06 Fetching vehicles with filters: {VehicleTypeID: VehicleName: VehicleModel: VehicleRegistrationNumber: IsAvailable: Status:rented Limit:0 Offset:0}, includeBookingDetails: false
[GIN] 2025/03/17 - 19:49:06 | 200 |     395.274µs | 103.181.227.149 | GET      "/api/v1/vehicle?rentedSaleId=true&status=rented"
2025/03/17 19:49:08 Query Parameters: map[rentedSaleId:[true] status:[rented]]
2025/03/17 19:49:08 Include Booking Details: false
2025/03/17 19:49:08 Fetching vehicles with filters: {VehicleTypeID: VehicleName: VehicleModel: VehicleRegistrationNumber: IsAvailable: Status:rented Limit:0 Offset:0}, includeBookingDetails: false
2025/03/17 19:49:08 Fetching vehicles with filters: {VehicleTypeID: VehicleName: VehicleModel: VehicleRegistrationNumber: IsAvailable: Status:rented Limit:0 Offset:0}, includeBookingDetails: false
[GIN] 2025/03/17 - 19:49:08 | 200 |     418.005µs | 103.181.227.149 | GET      "/api/v1/vehicle?rentedSaleId=true&status=rented"
2025/03/17 19:49:51 Query Parameters: map[rentedSaleId:[true] status:[rented]]
2025/03/17 19:49:51 Include Booking Details: false
2025/03/17 19:49:51 Fetching vehicles with filters: {VehicleTypeID: VehicleName: VehicleModel: VehicleRegistrationNumber: IsAvailable: Status:rented Limit:0 Offset:0}, includeBookingDetails: false
2025/03/17 19:49:51 Fetching vehicles with filters: {VehicleTypeID: VehicleName: VehicleModel: VehicleRegistrationNumber: IsAvailable: Status:rented Limit:0 Offset:0}, includeBookingDetails: false
[GIN] 2025/03/17 - 19:49:51 | 200 |     424.734µs | 103.181.227.149 | GET      "/api/v1/vehicle?rentedSaleId=true&status=rented"
[GIN] 2025/03/17 - 19:54:38 | 404 |       1.983µs | 103.181.227.149 | GET      "/api/v1/vehicles?rented=true"
[GIN] 2025/03/17 - 19:56:18 | 404 |       1.945µs | 103.181.227.149 | GET      "/api/v1/vehicles"
[GIN] 2025/03/17 - 19:56:32 | 404 |       2.253µs | 103.181.227.149 | GET      "/api/v1/sales"
[GIN] 2025/03/17 - 19:56:53 | 404 |       1.977µs | 103.181.227.149 | GET      "/api/v1/sales"
[GIN] 2025/03/17 - 19:56:58 | 200 |      508.19µs | 103.181.227.149 | GET      "/api/v1/sales/3"
[GIN] 2025/03/17 - 19:57:28 | 404 |       2.759µs | 103.181.227.149 | GET      "/api/v1/sales/"
[GIN] 2025/03/17 - 20:03:52 | 200 |     565.468µs | 103.181.227.149 | GET      "/api/v1/sales/3"
[GIN] 2025/03/17 - 20:07:30 | 404 |       2.271µs | 156.229.233.195 | GET      "/manager/html"
[GIN] 2025/03/17 - 20:09:35 | 404 |       1.914µs |       127.0.0.1 | GET      "/script"
[GIN] 2025/03/17 - 20:09:36 | 404 |       2.296µs |       127.0.0.1 | GET      "/login"
[GIN] 2025/03/17 - 20:09:37 | 404 |       2.061µs |       127.0.0.1 | GET      "/manager/html"
[GIN] 2025/03/17 - 20:09:38 | 404 |       2.301µs |       127.0.0.1 | GET      "/users/sign_in"
[GIN] 2025/03/17 - 21:09:25 | 404 |       8.666µs |   207.44.49.213 | GET      "/"
[GIN] 2025/03/17 - 21:54:19 | 404 |       2.251µs |       127.0.0.1 | GET      "/login"
[GIN] 2025/03/17 - 22:12:02 | 404 |        1.94µs |  45.156.129.132 | GET      "/"
[GIN] 2025/03/17 - 22:40:27 | 404 |       1.998µs |       127.0.0.1 | GET      "/.env"
[GIN] 2025/03/17 - 22:47:38 | 404 |       2.326µs |  104.248.229.49 | GET      "/aaa9"
[GIN] 2025/03/17 - 23:22:13 | 404 |       1.936µs |       127.0.0.1 | GET      "/remote/login"
[GIN] 2025/03/17 - 23:22:13 | 404 |       1.964µs |       127.0.0.1 | GET      "/login"
[GIN] 2025/03/17 - 23:55:39 | 404 |       2.664µs |       127.0.0.1 | GET      "/"
[GIN] 2025/03/17 - 23:57:32 | 404 |       2.534µs |       127.0.0.1 | GET      "/"
[GIN] 2025/03/18 - 00:12:04 | 404 |       2.372µs |   78.108.177.50 | GET      "/"
[GIN] 2025/03/18 - 00:24:45 | 404 |       1.943µs |       127.0.0.1 | GET      "/"
[GIN] 2025/03/18 - 00:53:34 | 404 |       2.029µs |       127.0.0.1 | GET      "/.env"
[GIN] 2025/03/18 - 00:53:34 | 404 |       2.025µs |       127.0.0.1 | POST     "/"
[GIN] 2025/03/18 - 02:04:55 | 404 |       2.299µs |       127.0.0.1 | GET      "/"
[GIN] 2025/03/18 - 02:35:41 | 404 |       1.942µs |       127.0.0.1 | GET      "/eeKG"
[GIN] 2025/03/18 - 02:35:41 | 404 |       2.305µs |       127.0.0.1 | GET      "/ss6A"
[GIN] 2025/03/18 - 02:35:42 | 404 |       1.947µs |       127.0.0.1 | GET      "/jquery-3.3.1.slim.min.js"
[GIN] 2025/03/18 - 02:35:42 | 404 |       2.113µs |       127.0.0.1 | GET      "/jquery-3.3.1.min.js"
[GIN] 2025/03/18 - 02:59:43 | 404 |       2.358µs |       127.0.0.1 | GET      "/"
[GIN] 2025/03/18 - 03:03:41 | 404 |       2.106µs |  198.235.24.200 | GET      "/"
[GIN] 2025/03/18 - 03:07:28 | 404 |       1.936µs |       127.0.0.1 | GET      "/.env"
[GIN] 2025/03/18 - 03:07:28 | 404 |        1.95µs |       127.0.0.1 | POST     "/"
[GIN] 2025/03/18 - 03:22:58 | 404 |       2.296µs |       127.0.0.1 | GET      "/"
[GIN] 2025/03/18 - 03:23:26 | 404 |       1.963µs |       127.0.0.1 | GET      "/"
[GIN] 2025/03/18 - 03:23:27 | 404 |       1.934µs |       127.0.0.1 | GET      "/favicon.ico"
[GIN] 2025/03/18 - 03:23:28 | 404 |       1.947µs |       127.0.0.1 | GET      "/robots.txt"
[GIN] 2025/03/18 - 03:23:28 | 404 |       1.876µs |       127.0.0.1 | GET      "/sitemap.xml"
[GIN] 2025/03/18 - 03:40:23 | 404 |       2.086µs |     65.49.1.189 | GET      "/"
[GIN] 2025/03/18 - 03:41:15 | 404 |       2.683µs |     65.49.1.189 | GET      "/favicon.ico"
[GIN] 2025/03/18 - 03:41:43 | 404 |       2.344µs |     65.49.1.185 | GET      "/?format=json"
[GIN] 2025/03/18 - 03:42:07 | 404 |        2.22µs |     65.49.1.191 | CONNECT  ""
[GIN] 2025/03/18 - 03:42:31 | 404 |       1.985µs |     65.49.1.183 | GET      "/geoserver/web/"
[GIN] 2025/03/18 - 03:46:48 | 404 |       2.082µs |       127.0.0.1 | GET      "/"
[GIN] 2025/03/18 - 03:46:48 | 404 |       1.961µs |       127.0.0.1 | GET      "/favicon.ico"
[GIN] 2025/03/18 - 03:47:08 | 404 |        1.98µs |       127.0.0.1 | GET      "/"
[GIN] 2025/03/18 - 03:50:52 | 404 |       2.602µs |  87.120.187.180 | CONNECT  ""
[GIN] 2025/03/18 - 03:55:51 | 404 |       2.458µs |       127.0.0.1 | GET      "/"
[GIN] 2025/03/18 - 03:58:39 | 404 |       2.201µs |       127.0.0.1 | POST     "/hello.world?%ADd+allow_url_include%3d1+%ADd+auto_prepend_file%3dphp://input"
[GIN] 2025/03/18 - 03:58:40 | 404 |       1.967µs |       127.0.0.1 | GET      "/vendor/phpunit/phpunit/src/Util/PHP/eval-stdin.php"
[GIN] 2025/03/18 - 03:58:40 | 404 |       2.292µs |       127.0.0.1 | GET      "/vendor/phpunit/phpunit/Util/PHP/eval-stdin.php"
[GIN] 2025/03/18 - 03:58:40 | 404 |       1.975µs |       127.0.0.1 | GET      "/vendor/phpunit/src/Util/PHP/eval-stdin.php"
[GIN] 2025/03/18 - 03:58:41 | 404 |       1.952µs |       127.0.0.1 | GET      "/vendor/phpunit/Util/PHP/eval-stdin.php"
[GIN] 2025/03/18 - 03:58:41 | 404 |       1.962µs |       127.0.0.1 | GET      "/vendor/phpunit/phpunit/LICENSE/eval-stdin.php"
[GIN] 2025/03/18 - 03:58:42 | 404 |       1.992µs |       127.0.0.1 | GET      "/vendor/vendor/phpunit/phpunit/src/Util/PHP/eval-stdin.php"
[GIN] 2025/03/18 - 03:58:42 | 404 |       2.007µs |       127.0.0.1 | GET      "/phpunit/phpunit/src/Util/PHP/eval-stdin.php"
[GIN] 2025/03/18 - 03:58:42 | 404 |       2.075µs |       127.0.0.1 | GET      "/phpunit/phpunit/Util/PHP/eval-stdin.php"
[GIN] 2025/03/18 - 03:58:43 | 404 |       2.973µs |       127.0.0.1 | GET      "/phpunit/src/Util/PHP/eval-stdin.php"
[GIN] 2025/03/18 - 03:58:43 | 404 |       2.331µs |       127.0.0.1 | GET      "/phpunit/Util/PHP/eval-stdin.php"
[GIN] 2025/03/18 - 03:58:43 | 404 |       2.096µs |       127.0.0.1 | GET      "/lib/phpunit/phpunit/src/Util/PHP/eval-stdin.php"
[GIN] 2025/03/18 - 03:58:44 | 404 |           2µs |       127.0.0.1 | GET      "/lib/phpunit/phpunit/Util/PHP/eval-stdin.php"
[GIN] 2025/03/18 - 03:58:44 | 404 |        1.92µs |       127.0.0.1 | GET      "/lib/phpunit/src/Util/PHP/eval-stdin.php"
[GIN] 2025/03/18 - 03:58:44 | 404 |       2.007µs |       127.0.0.1 | GET      "/lib/phpunit/Util/PHP/eval-stdin.php"
[GIN] 2025/03/18 - 03:58:45 | 404 |       2.043µs |       127.0.0.1 | GET      "/lib/vendor/phpunit/phpunit/src/Util/PHP/eval-stdin.php"
[GIN] 2025/03/18 - 03:58:45 | 404 |       1.907µs |       127.0.0.1 | GET      "/laravel/vendor/phpunit/phpunit/src/Util/PHP/eval-stdin.php"
[GIN] 2025/03/18 - 03:58:46 | 404 |       1.972µs |       127.0.0.1 | GET      "/www/vendor/phpunit/phpunit/src/Util/PHP/eval-stdin.php"
[GIN] 2025/03/18 - 03:58:46 | 404 |       2.144µs |       127.0.0.1 | GET      "/ws/vendor/phpunit/phpunit/src/Util/PHP/eval-stdin.php"
[GIN] 2025/03/18 - 03:58:46 | 404 |       2.069µs |       127.0.0.1 | GET      "/yii/vendor/phpunit/phpunit/src/Util/PHP/eval-stdin.php"
[GIN] 2025/03/18 - 03:58:47 | 404 |       1.954µs |       127.0.0.1 | GET      "/zend/vendor/phpunit/phpunit/src/Util/PHP/eval-stdin.php"
[GIN] 2025/03/18 - 03:58:47 | 404 |       2.033µs |       127.0.0.1 | GET      "/ws/ec/vendor/phpunit/phpunit/src/Util/PHP/eval-stdin.php"
[GIN] 2025/03/18 - 03:58:48 | 404 |        1.98µs |       127.0.0.1 | GET      "/V2/vendor/phpunit/phpunit/src/Util/PHP/eval-stdin.php"
[GIN] 2025/03/18 - 03:58:48 | 404 |       2.286µs |       127.0.0.1 | GET      "/tests/vendor/phpunit/phpunit/src/Util/PHP/eval-stdin.php"
[GIN] 2025/03/18 - 03:58:48 | 404 |       2.257µs |       127.0.0.1 | GET      "/test/vendor/phpunit/phpunit/src/Util/PHP/eval-stdin.php"
[GIN] 2025/03/18 - 03:58:49 | 404 |         2.2µs |       127.0.0.1 | GET      "/testing/vendor/phpunit/phpunit/src/Util/PHP/eval-stdin.php"
[GIN] 2025/03/18 - 03:58:49 | 404 |       2.106µs |       127.0.0.1 | GET      "/api/vendor/phpunit/phpunit/src/Util/PHP/eval-stdin.php"
[GIN] 2025/03/18 - 03:58:49 | 404 |       4.326µs |       127.0.0.1 | GET      "/demo/vendor/phpunit/phpunit/src/Util/PHP/eval-stdin.php"
[GIN] 2025/03/18 - 03:58:49 | 404 |       1.952µs |       127.0.0.1 | GET      "/cms/vendor/phpunit/phpunit/src/Util/PHP/eval-stdin.php"
[GIN] 2025/03/18 - 03:58:50 | 404 |       3.027µs |       127.0.0.1 | GET      "/crm/vendor/phpunit/phpunit/src/Util/PHP/eval-stdin.php"
[GIN] 2025/03/18 - 03:58:50 | 404 |       2.878µs |       127.0.0.1 | GET      "/admin/vendor/phpunit/phpunit/src/Util/PHP/eval-stdin.php"
[GIN] 2025/03/18 - 03:58:50 | 404 |       2.615µs |       127.0.0.1 | GET      "/backup/vendor/phpunit/phpunit/src/Util/PHP/eval-stdin.php"
[GIN] 2025/03/18 - 03:58:51 | 404 |       2.752µs |       127.0.0.1 | GET      "/blog/vendor/phpunit/phpunit/src/Util/PHP/eval-stdin.php"
[GIN] 2025/03/18 - 03:58:51 | 404 |       2.185µs |       127.0.0.1 | GET      "/workspace/drupal/vendor/phpunit/phpunit/src/Util/PHP/eval-stdin.php"
[GIN] 2025/03/18 - 03:58:52 | 404 |       2.638µs |       127.0.0.1 | GET      "/panel/vendor/phpunit/phpunit/src/Util/PHP/eval-stdin.php"
[GIN] 2025/03/18 - 03:58:52 | 404 |       2.039µs |       127.0.0.1 | GET      "/public/vendor/phpunit/phpunit/src/Util/PHP/eval-stdin.php"
[GIN] 2025/03/18 - 03:58:52 | 404 |        2.11µs |       127.0.0.1 | GET      "/apps/vendor/phpunit/phpunit/src/Util/PHP/eval-stdin.php"
[GIN] 2025/03/18 - 03:58:53 | 404 |       1.974µs |       127.0.0.1 | GET      "/app/vendor/phpunit/phpunit/src/Util/PHP/eval-stdin.php"
[GIN] 2025/03/18 - 03:58:53 | 404 |       2.008µs |       127.0.0.1 | GET      "/index.php?s=/index/\\think\\app/invokefunction&function=call_user_func_array&vars[0]=md5&vars[1][]=Hello"
[GIN] 2025/03/18 - 03:58:53 | 404 |       1.937µs |       127.0.0.1 | GET      "/public/index.php?s=/index/\\think\\app/invokefunction&function=call_user_func_array&vars[0]=md5&vars[1][]=Hello"
[GIN] 2025/03/18 - 03:58:54 | 404 |       1.977µs |       127.0.0.1 | GET      "/index.php?lang=../../../../../../../../usr/local/lib/php/pearcmd&+config-create+/&/<?echo(md5(\"hi\"));?>+/tmp/index1.php"
[GIN] 2025/03/18 - 03:58:54 | 404 |       1.938µs |       127.0.0.1 | GET      "/index.php?lang=../../../../../../../../tmp/index1"
[GIN] 2025/03/18 - 03:58:55 | 404 |       1.861µs |       127.0.0.1 | GET      "/containers/json"
[GIN] 2025/03/18 - 04:15:02 | 404 |       2.006µs |  209.38.235.241 | GET      "/"
[GIN] 2025/03/18 - 04:15:03 | 404 |       2.018µs |  209.38.235.241 | GET      "/download/powershell/"
[GIN] 2025/03/18 - 04:15:03 | 404 |       1.865µs |  209.38.235.241 | GET      "/get.php"
2025/03/18 04:23:45 Query Parameters: map[data:[true]]
2025/03/18 04:23:45 Include Booking Details: true
2025/03/18 04:23:45 Fetching vehicles with filters: {VehicleTypeID: VehicleName: VehicleModel: VehicleRegistrationNumber: IsAvailable: Status: Limit:0 Offset:0}, includeBookingDetails: true
2025/03/18 04:23:45 Fetching vehicles with filters: {VehicleTypeID: VehicleName: VehicleModel: VehicleRegistrationNumber: IsAvailable: Status: Limit:0 Offset:0}, includeBookingDetails: true
2025/03/18 04:23:45 Fetching future booking details for vehicle ID: 2
2025/03/18 04:23:45 Fetched 0 future bookings for vehicle ID: 2
2025/03/18 04:23:45 Fetching future booking details for vehicle ID: 1
2025/03/18 04:23:45 Fetched 0 future bookings for vehicle ID: 1
2025/03/18 04:23:45 Fetching future booking details for vehicle ID: 3
2025/03/18 04:23:45 Fetched 0 future bookings for vehicle ID: 3
[GIN] 2025/03/18 - 04:23:45 | 200 |    1.067363ms | 103.181.227.149 | GET      "/api/v1/vehicle?data=true"
[GIN] 2025/03/18 - 04:23:46 | 404 |       2.121µs |   216.98.209.64 | GET      "/"
2025/03/18 04:23:48 Query Parameters: map[rentedSaleId:[true] status:[rented]]
2025/03/18 04:23:48 Include Booking Details: false
2025/03/18 04:23:48 Fetching vehicles with filters: {VehicleTypeID: VehicleName: VehicleModel: VehicleRegistrationNumber: IsAvailable: Status:rented Limit:0 Offset:0}, includeBookingDetails: false
2025/03/18 04:23:48 Fetching vehicles with filters: {VehicleTypeID: VehicleName: VehicleModel: VehicleRegistrationNumber: IsAvailable: Status:rented Limit:0 Offset:0}, includeBookingDetails: false
[GIN] 2025/03/18 - 04:23:48 | 200 |     451.908µs | 103.181.227.149 | GET      "/api/v1/vehicle?rentedSaleId=true&status=rented"
[GIN] 2025/03/18 - 04:23:50 | 500 |     475.271µs | 103.181.227.149 | GET      "/api/v1/sales/0"
2025/03/18 04:26:30 Query Parameters: map[data:[true]]
2025/03/18 04:26:30 Include Booking Details: true
2025/03/18 04:26:30 Fetching vehicles with filters: {VehicleTypeID: VehicleName: VehicleModel: VehicleRegistrationNumber: IsAvailable: Status: Limit:0 Offset:0}, includeBookingDetails: true
2025/03/18 04:26:30 Fetching vehicles with filters: {VehicleTypeID: VehicleName: VehicleModel: VehicleRegistrationNumber: IsAvailable: Status: Limit:0 Offset:0}, includeBookingDetails: true
2025/03/18 04:26:30 Fetching future booking details for vehicle ID: 2
2025/03/18 04:26:30 Fetched 0 future bookings for vehicle ID: 2
2025/03/18 04:26:30 Fetching future booking details for vehicle ID: 1
2025/03/18 04:26:30 Fetched 0 future bookings for vehicle ID: 1
2025/03/18 04:26:30 Fetching future booking details for vehicle ID: 3
2025/03/18 04:26:30 Fetched 0 future bookings for vehicle ID: 3
[GIN] 2025/03/18 - 04:26:30 | 200 |    1.548662ms | 103.181.227.149 | GET      "/api/v1/vehicle?data=true"
[GIN] 2025/03/18 - 04:27:51 | 404 |        1.94µs |       127.0.0.1 | GET      "/"
[GIN] 2025/03/18 - 04:28:54 | 404 |       1.954µs |       127.0.0.1 | GET      "/"
[GIN] 2025/03/18 - 04:32:32 | 404 |        1.93µs |       127.0.0.1 | GET      "/"
[GIN] 2025/03/18 - 04:42:40 | 404 |       2.114µs |  104.245.241.73 | GET      "/"
[GIN] 2025/03/18 - 04:43:00 | 404 |       1.931µs |    64.227.73.78 | GET      "/"
[GIN] 2025/03/18 - 04:48:39 | 404 |       1.953µs | 156.229.233.195 | GET      "/manager/html"
2025/03/18 04:48:54 Query Parameters: map[data:[true]]
2025/03/18 04:48:54 Include Booking Details: true
2025/03/18 04:48:54 Fetching vehicles with filters: {VehicleTypeID: VehicleName: VehicleModel: VehicleRegistrationNumber: IsAvailable: Status: Limit:0 Offset:0}, includeBookingDetails: true
2025/03/18 04:48:54 Fetching vehicles with filters: {VehicleTypeID: VehicleName: VehicleModel: VehicleRegistrationNumber: IsAvailable: Status: Limit:0 Offset:0}, includeBookingDetails: true
2025/03/18 04:48:54 Fetching future booking details for vehicle ID: 2
2025/03/18 04:48:54 Fetched 0 future bookings for vehicle ID: 2
2025/03/18 04:48:54 Fetching future booking details for vehicle ID: 1
2025/03/18 04:48:54 Fetched 0 future bookings for vehicle ID: 1
2025/03/18 04:48:54 Fetching future booking details for vehicle ID: 3
2025/03/18 04:48:54 Fetched 0 future bookings for vehicle ID: 3
[GIN] 2025/03/18 - 04:48:54 | 200 |    1.149834ms | 103.181.227.149 | GET      "/api/v1/vehicle?data=true"
2025/03/18 04:48:56 Query Parameters: map[rentedSaleId:[true] status:[rented]]
2025/03/18 04:48:56 Include Booking Details: false
2025/03/18 04:48:56 Fetching vehicles with filters: {VehicleTypeID: VehicleName: VehicleModel: VehicleRegistrationNumber: IsAvailable: Status:rented Limit:0 Offset:0}, includeBookingDetails: false
2025/03/18 04:48:56 Fetching vehicles with filters: {VehicleTypeID: VehicleName: VehicleModel: VehicleRegistrationNumber: IsAvailable: Status:rented Limit:0 Offset:0}, includeBookingDetails: false
[GIN] 2025/03/18 - 04:48:56 | 200 |     442.291µs | 103.181.227.149 | GET      "/api/v1/vehicle?rentedSaleId=true&status=rented"
[GIN] 2025/03/18 - 04:48:58 | 500 |     435.358µs | 103.181.227.149 | GET      "/api/v1/sales/0"
2025/03/18 04:49:29 Query Parameters: map[rentedSaleId:[true] status:[rented]]
2025/03/18 04:49:29 Include Booking Details: false
2025/03/18 04:49:29 Fetching vehicles with filters: {VehicleTypeID: VehicleName: VehicleModel: VehicleRegistrationNumber: IsAvailable: Status:rented Limit:0 Offset:0}, includeBookingDetails: false
2025/03/18 04:49:29 Fetching vehicles with filters: {VehicleTypeID: VehicleName: VehicleModel: VehicleRegistrationNumber: IsAvailable: Status:rented Limit:0 Offset:0}, includeBookingDetails: false
[GIN] 2025/03/18 - 04:49:29 | 200 |     409.841µs | 103.181.227.149 | GET      "/api/v1/vehicle?rentedSaleId=true&status=rented"
[GIN] 2025/03/18 - 04:49:31 | 500 |     476.876µs | 103.181.227.149 | GET      "/api/v1/sales/0"
2025/03/18 04:54:32 Query Parameters: map[data:[true]]
2025/03/18 04:54:32 Include Booking Details: true
2025/03/18 04:54:32 Fetching vehicles with filters: {VehicleTypeID: VehicleName: VehicleModel: VehicleRegistrationNumber: IsAvailable: Status: Limit:0 Offset:0}, includeBookingDetails: true
2025/03/18 04:54:32 Fetching vehicles with filters: {VehicleTypeID: VehicleName: VehicleModel: VehicleRegistrationNumber: IsAvailable: Status: Limit:0 Offset:0}, includeBookingDetails: true
2025/03/18 04:54:32 Fetching future booking details for vehicle ID: 2
2025/03/18 04:54:32 Fetched 0 future bookings for vehicle ID: 2
2025/03/18 04:54:32 Fetching future booking details for vehicle ID: 1
2025/03/18 04:54:32 Fetched 0 future bookings for vehicle ID: 1
2025/03/18 04:54:32 Fetching future booking details for vehicle ID: 3
2025/03/18 04:54:32 Fetched 0 future bookings for vehicle ID: 3
[GIN] 2025/03/18 - 04:54:32 | 200 |    1.053653ms | 103.181.227.149 | GET      "/api/v1/vehicle?data=true"
2025/03/18 04:54:34 Query Parameters: map[rentedSaleId:[true] status:[rented]]
2025/03/18 04:54:34 Include Booking Details: false
2025/03/18 04:54:34 Fetching vehicles with filters: {VehicleTypeID: VehicleName: VehicleModel: VehicleRegistrationNumber: IsAvailable: Status:rented Limit:0 Offset:0}, includeBookingDetails: false
2025/03/18 04:54:34 Fetching vehicles with filters: {VehicleTypeID: VehicleName: VehicleModel: VehicleRegistrationNumber: IsAvailable: Status:rented Limit:0 Offset:0}, includeBookingDetails: false
[GIN] 2025/03/18 - 04:54:34 | 200 |     521.038µs | 103.181.227.149 | GET      "/api/v1/vehicle?rentedSaleId=true&status=rented"
[GIN] 2025/03/18 - 04:54:37 | 500 |     478.786µs | 103.181.227.149 | GET      "/api/v1/sales/0"
[GIN] 2025/03/18 - 04:55:06 | 404 |       2.731µs |       127.0.0.1 | GET      "/.env"
[GIN] 2025/03/18 - 04:57:39 | 404 |       2.486µs |    13.89.125.28 | GET      "/hudson"
2025/03/18 05:01:05 Query Parameters: map[data:[true]]
2025/03/18 05:01:05 Include Booking Details: true
2025/03/18 05:01:05 Fetching vehicles with filters: {VehicleTypeID: VehicleName: VehicleModel: VehicleRegistrationNumber: IsAvailable: Status: Limit:0 Offset:0}, includeBookingDetails: true
2025/03/18 05:01:05 Fetching vehicles with filters: {VehicleTypeID: VehicleName: VehicleModel: VehicleRegistrationNumber: IsAvailable: Status: Limit:0 Offset:0}, includeBookingDetails: true
2025/03/18 05:01:05 Fetching future booking details for vehicle ID: 2
2025/03/18 05:01:05 Fetched 0 future bookings for vehicle ID: 2
2025/03/18 05:01:05 Fetching future booking details for vehicle ID: 1
2025/03/18 05:01:05 Fetched 0 future bookings for vehicle ID: 1
2025/03/18 05:01:05 Fetching future booking details for vehicle ID: 3
2025/03/18 05:01:05 Fetched 0 future bookings for vehicle ID: 3
[GIN] 2025/03/18 - 05:01:05 | 200 |    1.493415ms | 103.181.227.149 | GET      "/api/v1/vehicle?data=true"
2025/03/18 05:01:07 Query Parameters: map[rentedSaleId:[true] status:[rented]]
2025/03/18 05:01:07 Include Booking Details: false
2025/03/18 05:01:07 Fetching vehicles with filters: {VehicleTypeID: VehicleName: VehicleModel: VehicleRegistrationNumber: IsAvailable: Status:rented Limit:0 Offset:0}, includeBookingDetails: false
2025/03/18 05:01:07 Fetching vehicles with filters: {VehicleTypeID: VehicleName: VehicleModel: VehicleRegistrationNumber: IsAvailable: Status:rented Limit:0 Offset:0}, includeBookingDetails: false
[GIN] 2025/03/18 - 05:01:07 | 200 |      424.93µs | 103.181.227.149 | GET      "/api/v1/vehicle?rentedSaleId=true&status=rented"
2025/03/18 05:01:09 Query Parameters: map[rentedSaleId:[true] status:[rented]]
2025/03/18 05:01:09 Include Booking Details: false
2025/03/18 05:01:09 Fetching vehicles with filters: {VehicleTypeID: VehicleName: VehicleModel: VehicleRegistrationNumber: IsAvailable: Status:rented Limit:0 Offset:0}, includeBookingDetails: false
2025/03/18 05:01:09 Fetching vehicles with filters: {VehicleTypeID: VehicleName: VehicleModel: VehicleRegistrationNumber: IsAvailable: Status:rented Limit:0 Offset:0}, includeBookingDetails: false
[GIN] 2025/03/18 - 05:01:09 | 200 |     496.175µs | 103.181.227.149 | GET      "/api/v1/vehicle?rentedSaleId=true&status=rented"
2025/03/18 05:01:10 Query Parameters: map[rentedSaleId:[true] status:[rented]]
2025/03/18 05:01:10 Include Booking Details: false
2025/03/18 05:01:10 Fetching vehicles with filters: {VehicleTypeID: VehicleName: VehicleModel: VehicleRegistrationNumber: IsAvailable: Status:rented Limit:0 Offset:0}, includeBookingDetails: false
2025/03/18 05:01:10 Fetching vehicles with filters: {VehicleTypeID: VehicleName: VehicleModel: VehicleRegistrationNumber: IsAvailable: Status:rented Limit:0 Offset:0}, includeBookingDetails: false
[GIN] 2025/03/18 - 05:01:10 | 200 |     444.727µs | 103.181.227.149 | GET      "/api/v1/vehicle?rentedSaleId=true&status=rented"
2025/03/18 05:04:15 Query Parameters: map[rentedSaleId:[true] status:[rented]]
2025/03/18 05:04:15 Include Booking Details: false
2025/03/18 05:04:15 Fetching vehicles with filters: {VehicleTypeID: VehicleName: VehicleModel: VehicleRegistrationNumber: IsAvailable: Status:rented Limit:0 Offset:0}, includeBookingDetails: false
2025/03/18 05:04:15 Fetching vehicles with filters: {VehicleTypeID: VehicleName: VehicleModel: VehicleRegistrationNumber: IsAvailable: Status:rented Limit:0 Offset:0}, includeBookingDetails: false
[GIN] 2025/03/18 - 05:04:15 | 200 |     431.062µs | 103.181.227.149 | GET      "/api/v1/vehicle?rentedSaleId=true&status=rented"
2025/03/18 05:08:28 Query Parameters: map[data:[true]]
2025/03/18 05:08:28 Include Booking Details: true
2025/03/18 05:08:28 Fetching vehicles with filters: {VehicleTypeID: VehicleName: VehicleModel: VehicleRegistrationNumber: IsAvailable: Status: Limit:0 Offset:0}, includeBookingDetails: true
2025/03/18 05:08:28 Fetching vehicles with filters: {VehicleTypeID: VehicleName: VehicleModel: VehicleRegistrationNumber: IsAvailable: Status: Limit:0 Offset:0}, includeBookingDetails: true
2025/03/18 05:08:28 Fetching future booking details for vehicle ID: 2
2025/03/18 05:08:28 Fetched 0 future bookings for vehicle ID: 2
2025/03/18 05:08:28 Fetching future booking details for vehicle ID: 1
2025/03/18 05:08:28 Fetched 0 future bookings for vehicle ID: 1
2025/03/18 05:08:28 Fetching future booking details for vehicle ID: 3
2025/03/18 05:08:28 Fetched 0 future bookings for vehicle ID: 3
[GIN] 2025/03/18 - 05:08:28 | 200 |    1.112487ms | 103.181.227.149 | GET      "/api/v1/vehicle?data=true"
2025/03/18 05:08:29 Query Parameters: map[rentedSaleId:[true] status:[rented]]
2025/03/18 05:08:29 Include Booking Details: false
2025/03/18 05:08:29 Fetching vehicles with filters: {VehicleTypeID: VehicleName: VehicleModel: VehicleRegistrationNumber: IsAvailable: Status:rented Limit:0 Offset:0}, includeBookingDetails: false
2025/03/18 05:08:29 Fetching vehicles with filters: {VehicleTypeID: VehicleName: VehicleModel: VehicleRegistrationNumber: IsAvailable: Status:rented Limit:0 Offset:0}, includeBookingDetails: false
[GIN] 2025/03/18 - 05:08:29 | 200 |     440.206µs | 103.181.227.149 | GET      "/api/v1/vehicle?rentedSaleId=true&status=rented"
2025/03/18 05:08:31 Query Parameters: map[rentedSaleId:[true] status:[rented]]
2025/03/18 05:08:31 Include Booking Details: false
2025/03/18 05:08:31 Fetching vehicles with filters: {VehicleTypeID: VehicleName: VehicleModel: VehicleRegistrationNumber: IsAvailable: Status:rented Limit:0 Offset:0}, includeBookingDetails: false
2025/03/18 05:08:31 Fetching vehicles with filters: {VehicleTypeID: VehicleName: VehicleModel: VehicleRegistrationNumber: IsAvailable: Status:rented Limit:0 Offset:0}, includeBookingDetails: false
[GIN] 2025/03/18 - 05:08:31 | 200 |     444.883µs | 103.181.227.149 | GET      "/api/v1/vehicle?rentedSaleId=true&status=rented"
2025/03/18 05:09:47 Query Parameters: map[rentedSaleId:[true] status:[rented]]
2025/03/18 05:09:47 Include Booking Details: false
2025/03/18 05:09:47 Fetching vehicles with filters: {VehicleTypeID: VehicleName: VehicleModel: VehicleRegistrationNumber: IsAvailable: Status:rented Limit:0 Offset:0}, includeBookingDetails: false
2025/03/18 05:09:47 Fetching vehicles with filters: {VehicleTypeID: VehicleName: VehicleModel: VehicleRegistrationNumber: IsAvailable: Status:rented Limit:0 Offset:0}, includeBookingDetails: false
[GIN] 2025/03/18 - 05:09:47 | 200 |     441.383µs | 103.181.227.149 | GET      "/api/v1/vehicle?rentedSaleId=true&status=rented"
2025/03/18 05:10:56 Query Parameters: map[data:[true]]
2025/03/18 05:10:56 Include Booking Details: true
2025/03/18 05:10:56 Fetching vehicles with filters: {VehicleTypeID: VehicleName: VehicleModel: VehicleRegistrationNumber: IsAvailable: Status: Limit:0 Offset:0}, includeBookingDetails: true
2025/03/18 05:10:56 Fetching vehicles with filters: {VehicleTypeID: VehicleName: VehicleModel: VehicleRegistrationNumber: IsAvailable: Status: Limit:0 Offset:0}, includeBookingDetails: true
2025/03/18 05:10:56 Fetching future booking details for vehicle ID: 2
2025/03/18 05:10:56 Fetched 0 future bookings for vehicle ID: 2
2025/03/18 05:10:56 Fetching future booking details for vehicle ID: 1
2025/03/18 05:10:56 Fetched 0 future bookings for vehicle ID: 1
2025/03/18 05:10:56 Fetching future booking details for vehicle ID: 3
2025/03/18 05:10:56 Fetched 0 future bookings for vehicle ID: 3
[GIN] 2025/03/18 - 05:10:56 | 200 |    1.037666ms | 103.181.227.149 | GET      "/api/v1/vehicle?data=true"
2025/03/18 05:10:59 Query Parameters: map[rentedSaleId:[true] status:[rented]]
2025/03/18 05:10:59 Include Booking Details: false
2025/03/18 05:10:59 Fetching vehicles with filters: {VehicleTypeID: VehicleName: VehicleModel: VehicleRegistrationNumber: IsAvailable: Status:rented Limit:0 Offset:0}, includeBookingDetails: false
2025/03/18 05:10:59 Fetching vehicles with filters: {VehicleTypeID: VehicleName: VehicleModel: VehicleRegistrationNumber: IsAvailable: Status:rented Limit:0 Offset:0}, includeBookingDetails: false
[GIN] 2025/03/18 - 05:10:59 | 200 |     484.136µs | 103.181.227.149 | GET      "/api/v1/vehicle?rentedSaleId=true&status=rented"
2025/03/18 05:11:01 Query Parameters: map[rentedSaleId:[true] status:[rented]]
2025/03/18 05:11:01 Include Booking Details: false
2025/03/18 05:11:01 Fetching vehicles with filters: {VehicleTypeID: VehicleName: VehicleModel: VehicleRegistrationNumber: IsAvailable: Status:rented Limit:0 Offset:0}, includeBookingDetails: false
2025/03/18 05:11:01 Fetching vehicles with filters: {VehicleTypeID: VehicleName: VehicleModel: VehicleRegistrationNumber: IsAvailable: Status:rented Limit:0 Offset:0}, includeBookingDetails: false
[GIN] 2025/03/18 - 05:11:01 | 200 |     464.518µs | 103.181.227.149 | GET      "/api/v1/vehicle?rentedSaleId=true&status=rented"
[GIN] 2025/03/18 - 05:12:32 | 404 |       1.958µs |       127.0.0.1 | GET      "/.env"
2025/03/18 05:14:00 Query Parameters: map[data:[true]]
2025/03/18 05:14:00 Include Booking Details: true
2025/03/18 05:14:00 Fetching vehicles with filters: {VehicleTypeID: VehicleName: VehicleModel: VehicleRegistrationNumber: IsAvailable: Status: Limit:0 Offset:0}, includeBookingDetails: true
2025/03/18 05:14:00 Fetching vehicles with filters: {VehicleTypeID: VehicleName: VehicleModel: VehicleRegistrationNumber: IsAvailable: Status: Limit:0 Offset:0}, includeBookingDetails: true
2025/03/18 05:14:00 Fetching future booking details for vehicle ID: 2
2025/03/18 05:14:00 Fetched 0 future bookings for vehicle ID: 2
2025/03/18 05:14:00 Fetching future booking details for vehicle ID: 1
2025/03/18 05:14:00 Fetched 0 future bookings for vehicle ID: 1
2025/03/18 05:14:00 Fetching future booking details for vehicle ID: 3
2025/03/18 05:14:00 Fetched 0 future bookings for vehicle ID: 3
[GIN] 2025/03/18 - 05:14:00 | 200 |    1.082151ms | 103.181.227.149 | GET      "/api/v1/vehicle?data=true"
[GIN] 2025/03/18 - 05:14:24 | 404 |       1.937µs |       127.0.0.1 | GET      "/.env"
2025/03/18 05:19:31 Query Parameters: map[data:[true]]
2025/03/18 05:19:31 Include Booking Details: true
2025/03/18 05:19:31 Fetching vehicles with filters: {VehicleTypeID: VehicleName: VehicleModel: VehicleRegistrationNumber: IsAvailable: Status: Limit:0 Offset:0}, includeBookingDetails: true
2025/03/18 05:19:31 Fetching vehicles with filters: {VehicleTypeID: VehicleName: VehicleModel: VehicleRegistrationNumber: IsAvailable: Status: Limit:0 Offset:0}, includeBookingDetails: true
2025/03/18 05:19:31 Fetching future booking details for vehicle ID: 2
2025/03/18 05:19:31 Fetched 0 future bookings for vehicle ID: 2
2025/03/18 05:19:31 Fetching future booking details for vehicle ID: 1
2025/03/18 05:19:31 Fetched 0 future bookings for vehicle ID: 1
2025/03/18 05:19:31 Fetching future booking details for vehicle ID: 3
2025/03/18 05:19:31 Fetched 0 future bookings for vehicle ID: 3
[GIN] 2025/03/18 - 05:19:31 | 200 |    1.499488ms | 103.181.227.149 | GET      "/api/v1/vehicle?data=true"
2025/03/18 05:19:34 Query Parameters: map[rentedSaleId:[true] status:[rented]]
2025/03/18 05:19:34 Include Booking Details: false
2025/03/18 05:19:34 Fetching vehicles with filters: {VehicleTypeID: VehicleName: VehicleModel: VehicleRegistrationNumber: IsAvailable: Status:rented Limit:0 Offset:0}, includeBookingDetails: false
2025/03/18 05:19:34 Fetching vehicles with filters: {VehicleTypeID: VehicleName: VehicleModel: VehicleRegistrationNumber: IsAvailable: Status:rented Limit:0 Offset:0}, includeBookingDetails: false
[GIN] 2025/03/18 - 05:19:34 | 200 |     432.827µs | 103.181.227.149 | GET      "/api/v1/vehicle?rentedSaleId=true&status=rented"
2025/03/18 05:19:36 Query Parameters: map[rentedSaleId:[true] status:[rented]]
2025/03/18 05:19:36 Include Booking Details: false
2025/03/18 05:19:36 Fetching vehicles with filters: {VehicleTypeID: VehicleName: VehicleModel: VehicleRegistrationNumber: IsAvailable: Status:rented Limit:0 Offset:0}, includeBookingDetails: false
2025/03/18 05:19:36 Fetching vehicles with filters: {VehicleTypeID: VehicleName: VehicleModel: VehicleRegistrationNumber: IsAvailable: Status:rented Limit:0 Offset:0}, includeBookingDetails: false
[GIN] 2025/03/18 - 05:19:36 | 200 |     423.996µs | 103.181.227.149 | GET      "/api/v1/vehicle?rentedSaleId=true&status=rented"
2025/03/18 05:19:37 Query Parameters: map[rentedSaleId:[true] status:[rented]]
2025/03/18 05:19:37 Include Booking Details: false
2025/03/18 05:19:37 Fetching vehicles with filters: {VehicleTypeID: VehicleName: VehicleModel: VehicleRegistrationNumber: IsAvailable: Status:rented Limit:0 Offset:0}, includeBookingDetails: false
2025/03/18 05:19:37 Fetching vehicles with filters: {VehicleTypeID: VehicleName: VehicleModel: VehicleRegistrationNumber: IsAvailable: Status:rented Limit:0 Offset:0}, includeBookingDetails: false
[GIN] 2025/03/18 - 05:19:37 | 200 |     421.555µs | 103.181.227.149 | GET      "/api/v1/vehicle?rentedSaleId=true&status=rented"
[GIN] 2025/03/18 - 05:21:56 | 404 |      20.459µs | 104.234.115.112 | GET      "/"
[GIN] 2025/03/18 - 05:22:06 | 404 |       1.929µs |       127.0.0.1 | GET      "/.env"
[GIN] 2025/03/18 - 05:22:23 | 404 |       2.337µs | 104.234.115.112 | GET      "/"
[GIN] 2025/03/18 - 05:22:30 | 404 |       2.035µs | 104.234.115.112 | GET      "/manage/account/login"
[GIN] 2025/03/18 - 05:22:40 | 404 |       1.977µs | 104.234.115.112 | GET      "/admin/index.html"
[GIN] 2025/03/18 - 05:22:48 | 404 |       2.017µs | 104.234.115.112 | GET      "/index.html"
[GIN] 2025/03/18 - 05:22:55 | 404 |       2.662µs | 104.234.115.112 | GET      "/+CSCOE+/logon.html"
[GIN] 2025/03/18 - 05:22:58 | 404 |       2.006µs | 104.234.115.112 | GET      "/cgi-bin/login.cgi"
[GIN] 2025/03/18 - 05:23:00 | 404 |       2.031µs | 104.234.115.112 | GET      "/login.htm"
[GIN] 2025/03/18 - 05:23:04 | 404 |       2.037µs | 104.234.115.112 | GET      "/login.html"
[GIN] 2025/03/18 - 05:23:05 | 404 |       2.316µs | 104.234.115.112 | GET      "/login.jsp"
[GIN] 2025/03/18 - 05:23:13 | 404 |        2.04µs | 104.234.115.112 | GET      "/login"
[GIN] 2025/03/18 - 05:23:17 | 404 |       2.003µs | 104.234.115.112 | GET      "/doc/index.html"
[GIN] 2025/03/18 - 05:23:22 | 404 |       1.943µs | 104.234.115.112 | GET      "/remote/login"
[GIN] 2025/03/18 - 05:23:25 | 404 |       2.109µs | 104.234.115.112 | GET      "//admin/login.asp"
[GIN] 2025/03/18 - 05:23:28 | 404 |       2.291µs | 104.234.115.112 | GET      "/web/"
[GIN] 2025/03/18 - 05:23:30 | 404 |       1.904µs | 104.234.115.112 | GET      "//webpages/login.html"
2025/03/18 05:25:06 Query Parameters: map[rentedSaleId:[true] status:[rented]]
2025/03/18 05:25:06 Include Booking Details: false
2025/03/18 05:25:06 Fetching vehicles with filters: {VehicleTypeID: VehicleName: VehicleModel: VehicleRegistrationNumber: IsAvailable: Status:rented Limit:0 Offset:0}, includeBookingDetails: false
2025/03/18 05:25:06 Fetching vehicles with filters: {VehicleTypeID: VehicleName: VehicleModel: VehicleRegistrationNumber: IsAvailable: Status:rented Limit:0 Offset:0}, includeBookingDetails: false
[GIN] 2025/03/18 - 05:25:06 | 200 |     584.548µs | 103.181.227.149 | GET      "/api/v1/vehicle?rentedSaleId=true&status=rented"
[GIN] 2025/03/18 - 05:31:53 | 404 |       2.234µs |       127.0.0.1 | GET      "/"
[GIN] 2025/03/18 - 05:35:41 | 404 |       2.101µs |       127.0.0.1 | GET      "/webui/"
[GIN] 2025/03/18 - 05:38:49 | 404 |       3.035µs |       127.0.0.1 | GET      "/favicon.ico"
[GIN] 2025/03/18 - 05:39:17 | 404 |       1.901µs |       127.0.0.1 | GET      "/api/v1/sales"
[GIN] 2025/03/18 - 05:39:24 | 404 |        2.18µs |       127.0.0.1 | GET      "/api/v1/vehical"
[GIN] 2025/03/18 - 05:39:27 | 404 |       1.879µs |       127.0.0.1 | GET      "/api/v1/vehicel"
2025/03/18 05:39:33 Query Parameters: map[data:[true]]
2025/03/18 05:39:33 Include Booking Details: true
2025/03/18 05:39:33 Fetching vehicles with filters: {VehicleTypeID: VehicleName: VehicleModel: VehicleRegistrationNumber: IsAvailable: Status: Limit:0 Offset:0}, includeBookingDetails: true
2025/03/18 05:39:33 Fetching vehicles with filters: {VehicleTypeID: VehicleName: VehicleModel: VehicleRegistrationNumber: IsAvailable: Status: Limit:0 Offset:0}, includeBookingDetails: true
2025/03/18 05:39:33 Fetching future booking details for vehicle ID: 2
2025/03/18 05:39:33 Fetched 0 future bookings for vehicle ID: 2
2025/03/18 05:39:33 Fetching future booking details for vehicle ID: 1
2025/03/18 05:39:33 Fetched 0 future bookings for vehicle ID: 1
2025/03/18 05:39:33 Fetching future booking details for vehicle ID: 3
2025/03/18 05:39:33 Fetched 0 future bookings for vehicle ID: 3
[GIN] 2025/03/18 - 05:39:33 | 200 |    1.149148ms | 103.181.227.149 | GET      "/api/v1/vehicle?data=true"
2025/03/18 05:39:35 Query Parameters: map[rentedSaleId:[true] status:[rented]]
2025/03/18 05:39:35 Include Booking Details: false
2025/03/18 05:39:35 Fetching vehicles with filters: {VehicleTypeID: VehicleName: VehicleModel: VehicleRegistrationNumber: IsAvailable: Status:rented Limit:0 Offset:0}, includeBookingDetails: false
2025/03/18 05:39:35 Fetching vehicles with filters: {VehicleTypeID: VehicleName: VehicleModel: VehicleRegistrationNumber: IsAvailable: Status:rented Limit:0 Offset:0}, includeBookingDetails: false
[GIN] 2025/03/18 - 05:39:35 | 200 |     462.603µs | 103.181.227.149 | GET      "/api/v1/vehicle?rentedSaleId=true&status=rented"
2025/03/18 05:39:36 Query Parameters: map[rentedSaleId:[true] status:[rented]]
2025/03/18 05:39:36 Include Booking Details: false
2025/03/18 05:39:36 Fetching vehicles with filters: {VehicleTypeID: VehicleName: VehicleModel: VehicleRegistrationNumber: IsAvailable: Status:rented Limit:0 Offset:0}, includeBookingDetails: false
2025/03/18 05:39:36 Fetching vehicles with filters: {VehicleTypeID: VehicleName: VehicleModel: VehicleRegistrationNumber: IsAvailable: Status:rented Limit:0 Offset:0}, includeBookingDetails: false
[GIN] 2025/03/18 - 05:39:36 | 200 |     427.442µs | 103.181.227.149 | GET      "/api/v1/vehicle?rentedSaleId=true&status=rented"
[GIN] 2025/03/18 - 05:39:43 | 401 |      62.837µs |       127.0.0.1 | GET      "/api/v1/vehicle"
[GIN] 2025/03/18 - 05:40:04 | 200 |   84.376375ms |       127.0.0.1 | POST     "/api/v1/login"
[GIN] 2025/03/18 - 05:40:08 | 404 |       1.948µs |       127.0.0.1 | GET      "/"
2025/03/18 05:40:25 Query Parameters: map[]
2025/03/18 05:40:25 Include Booking Details: false
2025/03/18 05:40:25 Fetching vehicles with filters: {VehicleTypeID: VehicleName: VehicleModel: VehicleRegistrationNumber: IsAvailable: Status: Limit:0 Offset:0}, includeBookingDetails: false
2025/03/18 05:40:25 Fetching vehicles with filters: {VehicleTypeID: VehicleName: VehicleModel: VehicleRegistrationNumber: IsAvailable: Status: Limit:0 Offset:0}, includeBookingDetails: false
[GIN] 2025/03/18 - 05:40:25 | 200 |     398.812µs |       127.0.0.1 | GET      "/api/v1/vehicle"
2025/03/18 05:41:32 Query Parameters: map[rentedSaleid:[true]]
2025/03/18 05:41:32 Include Booking Details: false
2025/03/18 05:41:32 Fetching vehicles with filters: {VehicleTypeID: VehicleName: VehicleModel: VehicleRegistrationNumber: IsAvailable: Status: Limit:0 Offset:0}, includeBookingDetails: false
2025/03/18 05:41:32 Fetching vehicles with filters: {VehicleTypeID: VehicleName: VehicleModel: VehicleRegistrationNumber: IsAvailable: Status: Limit:0 Offset:0}, includeBookingDetails: false
[GIN] 2025/03/18 - 05:41:32 | 200 |     404.338µs |       127.0.0.1 | GET      "/api/v1/vehicle?rentedSaleid=true"
[GIN] 2025/03/18 - 05:43:35 | 404 |       1.966µs |       127.0.0.1 | GET      "/geoserver/web/"
2025/03/18 05:44:09 Query Parameters: map[rentedSaleid:[true]]
2025/03/18 05:44:09 Include Booking Details: false
2025/03/18 05:44:09 Fetching vehicles with filters: {VehicleTypeID: VehicleName: VehicleModel: VehicleRegistrationNumber: IsAvailable: Status: Limit:0 Offset:0}, includeBookingDetails: false
2025/03/18 05:44:09 Fetching vehicles with filters: {VehicleTypeID: VehicleName: VehicleModel: VehicleRegistrationNumber: IsAvailable: Status: Limit:0 Offset:0}, includeBookingDetails: false
[GIN] 2025/03/18 - 05:44:09 | 200 |     443.259µs |       127.0.0.1 | GET      "/api/v1/vehicle?rentedSaleid=true"
[GIN] 2025/03/18 - 05:45:13 | 404 |       1.826µs |       127.0.0.1 | GET      "/.git/config"
